Arguments: 
  /usr/bin/node /usr/bin/yarn dev

PATH: 
  /usr/local/sbin:/usr/local/bin:/usr/sbin:/usr/bin:/sbin:/bin:/usr/games:/usr/local/games:/snap/bin:/snap/bin:/home/bjvalmaseda/.foundry/bin

Yarn version: 
  1.22.19

Node version: 
  16.17.0

Platform: 
  linux x64

Trace: 
  SyntaxError: /home/bjvalmaseda/Platzi/EthDevProgram/platzi-web3-libs/package.json: Unexpected token } in JSON at position 349
      at JSON.parse (<anonymous>)
      at /usr/lib/node_modules/yarn/lib/cli.js:1629:59
      at Generator.next (<anonymous>)
      at step (/usr/lib/node_modules/yarn/lib/cli.js:310:30)
      at /usr/lib/node_modules/yarn/lib/cli.js:321:13

npm manifest: 
  {
    "name": "platzi-web3-libs",
    "version": "0.0.1",
    "main": "index.js",
    "repository": "git@github.com:bjvalmaseda-dev/platzi-web3-libs.git",
    "author": "Bárbaro Javier Valmaseda <hello@bjvalmaseda.com> (https://bjvalmaseda.com/)",
    "license": "MIT",
    "scripts":{
      "dev":"next dev",
      "build": "next build",
      "start":"next start",
    },
    {
      "dependencies": {
        "@chakra-ui/icons": "^2.0.9",
        "@chakra-ui/react": "^2.3.1",
        "@emotion/react": "^11",
        "@emotion/styled": "^11",
        "framer-motion": "^6",
        "next": "^12.2.5",
        "react": "^18.2.0",
        "react-dom": "^18.2.0"
      }
    }
    
  }

yarn manifest: 
  No manifest

Lockfile: 
  # THIS IS AN AUTOGENERATED FILE. DO NOT EDIT THIS FILE DIRECTLY.
  # yarn lockfile v1
  
  
  "@babel/code-frame@^7.0.0":
    version "7.18.6"
    resolved "https://registry.yarnpkg.com/@babel/code-frame/-/code-frame-7.18.6.tgz#3b25d38c89600baa2dcc219edfa88a74eb2c427a"
    integrity sha512-TDCmlK5eOvH+eH7cdAFlNXeVJqWIQ7gW9tY1GJIpUtFb6CmjVyq2VM3u71bOyR8CRihcCgMUYoDNyLXao3+70Q==
    dependencies:
      "@babel/highlight" "^7.18.6"
  
  "@babel/helper-module-imports@^7.16.7":
    version "7.18.6"
    resolved "https://registry.yarnpkg.com/@babel/helper-module-imports/-/helper-module-imports-7.18.6.tgz#1e3ebdbbd08aad1437b428c50204db13c5a3ca6e"
    integrity sha512-0NFvs3VkuSYbFi1x2Vd6tKrywq+z/cLeYC/RJNFrIX/30Bf5aiGYbtvGXolEktzJH8o5E5KJ3tT+nkxuuZFVlA==
    dependencies:
      "@babel/types" "^7.18.6"
  
  "@babel/helper-plugin-utils@^7.18.6":
    version "7.18.9"
    resolved "https://registry.yarnpkg.com/@babel/helper-plugin-utils/-/helper-plugin-utils-7.18.9.tgz#4b8aea3b069d8cb8a72cdfe28ddf5ceca695ef2f"
    integrity sha512-aBXPT3bmtLryXaoJLyYPXPlSD4p1ld9aYeR+sJNOZjJJGiOpb+fKfh3NkcCu7J54nUJwCERPBExCCpyCOHnu/w==
  
  "@babel/helper-string-parser@^7.18.10":
    version "7.18.10"
    resolved "https://registry.yarnpkg.com/@babel/helper-string-parser/-/helper-string-parser-7.18.10.tgz#181f22d28ebe1b3857fa575f5c290b1aaf659b56"
    integrity sha512-XtIfWmeNY3i4t7t4D2t02q50HvqHybPqW2ki1kosnvWCwuCMeo81Jf0gwr85jy/neUdg5XDdeFE/80DXiO+njw==
  
  "@babel/helper-validator-identifier@^7.18.6":
    version "7.18.6"
    resolved "https://registry.yarnpkg.com/@babel/helper-validator-identifier/-/helper-validator-identifier-7.18.6.tgz#9c97e30d31b2b8c72a1d08984f2ca9b574d7a076"
    integrity sha512-MmetCkz9ej86nJQV+sFCxoGGrUbU3q02kgLciwkrt9QqEB7cP39oKEY0PakknEO0Gu20SskMRi+AYZ3b1TpN9g==
  
  "@babel/highlight@^7.18.6":
    version "7.18.6"
    resolved "https://registry.yarnpkg.com/@babel/highlight/-/highlight-7.18.6.tgz#81158601e93e2563795adcbfbdf5d64be3f2ecdf"
    integrity sha512-u7stbOuYjaPezCuLj29hNW1v64M2Md2qupEKP1fHc7WdOA3DgLh37suiSrZYY7haUB7iBeQZ9P1uiRF359do3g==
    dependencies:
      "@babel/helper-validator-identifier" "^7.18.6"
      chalk "^2.0.0"
      js-tokens "^4.0.0"
  
  "@babel/plugin-syntax-jsx@^7.17.12":
    version "7.18.6"
    resolved "https://registry.yarnpkg.com/@babel/plugin-syntax-jsx/-/plugin-syntax-jsx-7.18.6.tgz#a8feef63b010150abd97f1649ec296e849943ca0"
    integrity sha512-6mmljtAedFGTWu2p/8WIORGwy+61PLgOMPOdazc7YoJ9ZCWUyFy3A6CpPkRKLKD1ToAesxX8KGEViAiLo9N+7Q==
    dependencies:
      "@babel/helper-plugin-utils" "^7.18.6"
  
  "@babel/runtime@^7.0.0", "@babel/runtime@^7.12.13", "@babel/runtime@^7.12.5", "@babel/runtime@^7.18.3":
    version "7.18.9"
    resolved "https://registry.yarnpkg.com/@babel/runtime/-/runtime-7.18.9.tgz#b4fcfce55db3d2e5e080d2490f608a3b9f407f4a"
    integrity sha512-lkqXDcvlFT5rvEjiu6+QYO+1GXrEHRo2LOtS7E4GtX5ESIZOgepqsZBVIj6Pv+a6zqsya9VCgiK1KAK4BvJDAw==
    dependencies:
      regenerator-runtime "^0.13.4"
  
  "@babel/types@^7.18.6":
    version "7.18.13"
    resolved "https://registry.yarnpkg.com/@babel/types/-/types-7.18.13.tgz#30aeb9e514f4100f7c1cb6e5ba472b30e48f519a"
    integrity sha512-ePqfTihzW0W6XAU+aMw2ykilisStJfDnsejDCXRchCcMJ4O0+8DhPXf2YUbZ6wjBlsEmZwLK/sPweWtu8hcJYQ==
    dependencies:
      "@babel/helper-string-parser" "^7.18.10"
      "@babel/helper-validator-identifier" "^7.18.6"
      to-fast-properties "^2.0.0"
  
  "@chakra-ui/accordion@2.0.12":
    version "2.0.12"
    resolved "https://registry.yarnpkg.com/@chakra-ui/accordion/-/accordion-2.0.12.tgz#dd260fbecb639748314f440c89052ed45006c585"
    integrity sha512-O3qq8mILo1QODjCGr2xwxC5LNFakBoMzTjEgpvpIMynxWc/1RKfGuFLis3IDfpHIicXmBTK6sNiZXewmna88CQ==
    dependencies:
      "@chakra-ui/descendant" "3.0.9"
      "@chakra-ui/icon" "3.0.9"
      "@chakra-ui/react-context" "2.0.3"
      "@chakra-ui/react-use-controllable-state" "2.0.3"
      "@chakra-ui/react-use-merge-refs" "2.0.3"
      "@chakra-ui/transition" "2.0.9"
  
  "@chakra-ui/alert@2.0.9":
    version "2.0.9"
    resolved "https://registry.yarnpkg.com/@chakra-ui/alert/-/alert-2.0.9.tgz#25e88c105e095def374c9fe1e3c8a3f6fab08f6c"
    integrity sha512-hFRIh6ZzQJ0sAESRym15mW/mcZE/yu4z6lFtdToBhpfSlhZLuE7gDdOTxqGkg417hY//48NiNXOCoQ2dUUuHKw==
    dependencies:
      "@chakra-ui/icon" "3.0.9"
      "@chakra-ui/react-context" "2.0.3"
      "@chakra-ui/spinner" "2.0.9"
  
  "@chakra-ui/anatomy@2.0.6":
    version "2.0.6"
    resolved "https://registry.yarnpkg.com/@chakra-ui/anatomy/-/anatomy-2.0.6.tgz#83164841d27eaa271ffa747534519bcd323c312f"
    integrity sha512-Vgop2FFdhVtX7BydjZdJWZAWy+DdXBU1IMaBppz6COaH+/7OXxoI2ec2bs17ehJyBO0M+ud3OLj5UCFQ79YsoQ==
  
  "@chakra-ui/avatar@2.1.0":
    version "2.1.0"
    resolved "https://registry.yarnpkg.com/@chakra-ui/avatar/-/avatar-2.1.0.tgz#009b4e126c58ef0183618cfbfb29f8e7e3357ee9"
    integrity sha512-SRQeH6NNvIBgUc4OsO14ypvcn8I66ndw7r4piIkm+R2zqbYnrzpp1d2zNPNHkChc4xQY71/GenenYO5Fhsi2DA==
    dependencies:
      "@chakra-ui/image" "2.0.10"
      "@chakra-ui/react-children-utils" "2.0.1"
      "@chakra-ui/react-context" "2.0.3"
  
  "@chakra-ui/breadcrumb@2.0.9":
    version "2.0.9"
    resolved "https://registry.yarnpkg.com/@chakra-ui/breadcrumb/-/breadcrumb-2.0.9.tgz#357e4e2a50cdad87c0b3b59656aafa85671e6142"
    integrity sha512-cc3WbxrJNRUph4v45qCdcIKJI0xECeV9VikQNIactBB+iexN4d+5P66xZABAkD8wWGmyH5KuSZcd9sFYNmC13w==
    dependencies:
      "@chakra-ui/react-children-utils" "2.0.1"
      "@chakra-ui/react-context" "2.0.3"
  
  "@chakra-ui/breakpoint-utils@2.0.3":
    version "2.0.3"
    resolved "https://registry.yarnpkg.com/@chakra-ui/breakpoint-utils/-/breakpoint-utils-2.0.3.tgz#af7f7603f31a7d8d0166307a47e88cf5902401b4"
    integrity sha512-smi41ZtaiPw4mXaCgicyAh5M45Drt20wypThP+qQUT2CQ51UFZhYlItRA2lCXKQ9QB83POcHPC/oAwIsNOAfTg==
  
  "@chakra-ui/button@2.0.9":
    version "2.0.9"
    resolved "https://registry.yarnpkg.com/@chakra-ui/button/-/button-2.0.9.tgz#f005f98bb5f1d5673a244957e6b3e2396acdf395"
    integrity sha512-4BuDBiBlChHW1rQ9iod9MKs87AY3IyvZQwjV3DZTU4IG0KcDDfLQf++jj4dkg9Ttu+pIWhwF42pzA40JxW1oNg==
    dependencies:
      "@chakra-ui/react-context" "2.0.3"
      "@chakra-ui/react-use-merge-refs" "2.0.3"
      "@chakra-ui/spinner" "2.0.9"
  
  "@chakra-ui/checkbox@2.1.8":
    version "2.1.8"
    resolved "https://registry.yarnpkg.com/@chakra-ui/checkbox/-/checkbox-2.1.8.tgz#d04a9a65494cf22e8bcfafa161bb7185d92dc13b"
    integrity sha512-HhRs3nwTFoIE/UpX4N2AZxxW39Xm/Vw01HjwP/59X60kdKs3RBXlm52cODkfUDfveyT9o5ezLhU/jRf0qA909Q==
    dependencies:
      "@chakra-ui/form-control" "2.0.9"
      "@chakra-ui/react-context" "2.0.3"
      "@chakra-ui/react-types" "2.0.3"
      "@chakra-ui/react-use-callback-ref" "2.0.3"
      "@chakra-ui/react-use-controllable-state" "2.0.3"
      "@chakra-ui/react-use-merge-refs" "2.0.3"
      "@chakra-ui/react-use-safe-layout-effect" "2.0.1"
      "@chakra-ui/react-use-update-effect" "2.0.3"
      "@chakra-ui/visually-hidden" "2.0.9"
      "@zag-js/focus-visible" "0.1.0"
  
  "@chakra-ui/clickable@2.0.9":
    version "2.0.9"
    resolved "https://registry.yarnpkg.com/@chakra-ui/clickable/-/clickable-2.0.9.tgz#c06486d36f4a4cb517ea75176e05021dfde117cd"
    integrity sha512-tGXYM6M6I954fif98QkNu5M76oBZmksCTj2mILOan9/BSimpFpu06aPGX3ZIkNsz300nIObn0FdtMvKpIEQueA==
    dependencies:
      "@chakra-ui/react-use-merge-refs" "2.0.3"
  
  "@chakra-ui/close-button@2.0.9":
    version "2.0.9"
    resolved "https://registry.yarnpkg.com/@chakra-ui/close-button/-/close-button-2.0.9.tgz#dab2d66c7a240c4d3d150e370980709336a4a266"
    integrity sha512-0RI/zLR+/mycGbYCCwDAc9hAVG7IIVmdikmo1ET7+rYip4TN94aWR0hA4dYtWqqghG1oW/pYQ9Yja6fEY90V5w==
    dependencies:
      "@chakra-ui/icon" "3.0.9"
  
  "@chakra-ui/color-mode@2.1.7":
    version "2.1.7"
    resolved "https://registry.yarnpkg.com/@chakra-ui/color-mode/-/color-mode-2.1.7.tgz#91c02e82e551c5448081e4934efeddb10bb732c5"
    integrity sha512-GAoKJzVRQeuEfCa2i0BZdMwxuOoaGknU3+5wgvLuaSpwlov4OyqpjKMRdSdpjr4IFiqqHK47dsr3H4LQsbO+9w==
    dependencies:
      "@chakra-ui/react-use-safe-layout-effect" "2.0.1"
  
  "@chakra-ui/control-box@2.0.9":
    version "2.0.9"
    resolved "https://registry.yarnpkg.com/@chakra-ui/control-box/-/control-box-2.0.9.tgz#b3cd98ceb1ce683c00445ab7469e65ba3d90c3cc"
    integrity sha512-/viS9OBah1wCLNZbgfwkoQOnVRUYgp8Gypjqk9QNQwnNdFUTEgWc1RWN+1RYO85esJzHLkA2hZFIrYu1TZeZ6g==
  
  "@chakra-ui/counter@2.0.9":
    version "2.0.9"
    resolved "https://registry.yarnpkg.com/@chakra-ui/counter/-/counter-2.0.9.tgz#b1b7c74c4e5d1ac506d699d93da57d535370a702"
    integrity sha512-LuqtpyxCOZM19gAmV0vtVeaFd9ccPmEjoGJQ0NoO8CFheltgLC/7m/8YpDbgWiG4+BAkTUfIG+5nLg5hwvvQxw==
    dependencies:
      "@chakra-ui/number-utils" "2.0.3"
      "@chakra-ui/react-use-callback-ref" "2.0.3"
  
  "@chakra-ui/css-reset@2.0.7":
    version "2.0.7"
    resolved "https://registry.yarnpkg.com/@chakra-ui/css-reset/-/css-reset-2.0.7.tgz#28f4284c36230e30892dc3f2de2464aaacc4f623"
    integrity sha512-ztGdFQ6U1hX2k6a3HZ8D3A/dZWVxlGe2F5mvUrRU554mFWBYmsq0ydZ7UBEPlykv9NoCz4nN8VCkIxcKJ3p29Q==
  
  "@chakra-ui/descendant@3.0.9":
    version "3.0.9"
    resolved "https://registry.yarnpkg.com/@chakra-ui/descendant/-/descendant-3.0.9.tgz#6574a1ce00067c49a070c5b005f8f1ca399006ea"
    integrity sha512-30E5yMWvxgBx43PoI/67r9h9OhbpDfLb/MLOCjtEwebSbD0V5+fmnmCoUELScQbhozQVjA9t195X6UP0VQWj8w==
    dependencies:
      "@chakra-ui/react-context" "2.0.3"
      "@chakra-ui/react-use-merge-refs" "2.0.3"
  
  "@chakra-ui/dom-utils@2.0.1":
    version "2.0.1"
    resolved "https://registry.yarnpkg.com/@chakra-ui/dom-utils/-/dom-utils-2.0.1.tgz#3061819ac365f5947423d63a5fcc26a281bbb5c2"
    integrity sha512-sbob9AHQq1+KIQ3XKslafislwtC8pYcpwM0S1SLzgyZumHRwhDimKwdi4MtRQfOCenub0E3diRjp4RpGRL0JuQ==
  
  "@chakra-ui/editable@2.0.9":
    version "2.0.9"
    resolved "https://registry.yarnpkg.com/@chakra-ui/editable/-/editable-2.0.9.tgz#a31d2e1c176c0817574e98a8567314c1a74444ab"
    integrity sha512-s5F3UMR09s6ga3eVhw0UBMGmegtxg6jCp29VLqaEwP5BuWIEOjcJz358gTlnFr3dhvb31e3rcr+B1XiYv4wxqg==
    dependencies:
      "@chakra-ui/react-context" "2.0.3"
      "@chakra-ui/react-types" "2.0.3"
      "@chakra-ui/react-use-controllable-state" "2.0.3"
      "@chakra-ui/react-use-focus-on-pointer-down" "2.0.1"
      "@chakra-ui/react-use-merge-refs" "2.0.3"
      "@chakra-ui/react-use-safe-layout-effect" "2.0.1"
      "@chakra-ui/react-use-update-effect" "2.0.3"
      "@chakra-ui/shared-utils" "2.0.1"
  
  "@chakra-ui/event-utils@2.0.4":
    version "2.0.4"
    resolved "https://registry.yarnpkg.com/@chakra-ui/event-utils/-/event-utils-2.0.4.tgz#eeb3eb4f37c3828955dbbc182ea43a8a3238a599"
    integrity sha512-J2YgAM5Dw9hMkwfMsWhsiAG848GfTMxNclUIUcgV9RQhLEs0eTFhelzNiKVOMA3vBxlT6lOARuRun/ESiFZgGg==
  
  "@chakra-ui/focus-lock@2.0.10":
    version "2.0.10"
    resolved "https://registry.yarnpkg.com/@chakra-ui/focus-lock/-/focus-lock-2.0.10.tgz#8f17d212786bd2977afc07f72b520aeae30b9434"
    integrity sha512-LeRZYzwfJp0eq84oO8e1pC2qC8v8fJw/P4nYDrCDjuJU753DV6nVjp5MKMRqbkp+6IAElPc+ojy/sp2a9GCocw==
    dependencies:
      "@chakra-ui/dom-utils" "2.0.1"
      react-focus-lock "^2.9.1"
  
  "@chakra-ui/form-control@2.0.9":
    version "2.0.9"
    resolved "https://registry.yarnpkg.com/@chakra-ui/form-control/-/form-control-2.0.9.tgz#10678857e6586e7d1be0a34c8d045c6484c1180b"
    integrity sha512-P8Tr45z/XSAa1m6uAma0eKf1h7Ltg2sLj2jK5YhaXJER9VUUY18iGe96D4JrAXlgEWDhTyWMb63nB+eYO1tKtw==
    dependencies:
      "@chakra-ui/icon" "3.0.9"
      "@chakra-ui/react-context" "2.0.3"
      "@chakra-ui/react-types" "2.0.3"
      "@chakra-ui/react-use-merge-refs" "2.0.3"
  
  "@chakra-ui/hooks@2.0.9":
    version "2.0.9"
    resolved "https://registry.yarnpkg.com/@chakra-ui/hooks/-/hooks-2.0.9.tgz#1f6d6157968a60dd9678112763d8f5fd3bdeffad"
    integrity sha512-0JRgEPtsBaXr9nQW1xEKlWGA7WwFbLNqac7fQXp9zQvoHOWTfNJkK/NJaVBvyFPgfTLxy37WKHooVSwNG/Lwmg==
    dependencies:
      "@chakra-ui/react-utils" "2.0.6"
      "@chakra-ui/utils" "2.0.9"
      compute-scroll-into-view "1.0.14"
      copy-to-clipboard "3.3.1"
  
  "@chakra-ui/icon@3.0.9":
    version "3.0.9"
    resolved "https://registry.yarnpkg.com/@chakra-ui/icon/-/icon-3.0.9.tgz#ba127d9eefd727f62e9bce07a23eca39ae506744"
    integrity sha512-P2Pwm/za6m1W1oqL2kGHH6XrrymsBjqYAFwOW2lB5Q6mI1e+RYe/iMxDoPSLHMYhqdfH7vyib/ffE3Vv3a5oTA==
    dependencies:
      "@chakra-ui/shared-utils" "2.0.1"
  
  "@chakra-ui/icons@^2.0.9":
    version "2.0.9"
    resolved "https://registry.yarnpkg.com/@chakra-ui/icons/-/icons-2.0.9.tgz#35edcf9c61b8e158a5d03aeda6bd4e756960dfc7"
    integrity sha512-6xvV2rC8wATgfnRH+fC9mi0nLcgKjhHKO29lV1pGioVI0yWK0dqc//zjcyBhMMpW5ABnSfig7ujVBf3op/Syzg==
    dependencies:
      "@chakra-ui/icon" "3.0.9"
  
  "@chakra-ui/image@2.0.10":
    version "2.0.10"
    resolved "https://registry.yarnpkg.com/@chakra-ui/image/-/image-2.0.10.tgz#712c0e1c579d959225bd8316d8d8f66cbeb95bb8"
    integrity sha512-Atc1bdog4V5xv7IbpF2F2UkKWfgG/TD74cIac09JuSpQcYyh7lrJ7iVvhTkeP+LDdCs+QCD7SnTUM4Y0ZlaHbA==
    dependencies:
      "@chakra-ui/react-use-safe-layout-effect" "2.0.1"
  
  "@chakra-ui/input@2.0.9":
    version "2.0.9"
    resolved "https://registry.yarnpkg.com/@chakra-ui/input/-/input-2.0.9.tgz#905b82ed647a20080a25a6a7e6740e3bb65586c1"
    integrity sha512-6MKydxTyF7JV7PtQHircQ5HBTd6Ik9Vn7p8fCLeAieT0TK8UQTxMWZVPminS7TRWMutrq8W99DcQOBlMz0cKrw==
    dependencies:
      "@chakra-ui/form-control" "2.0.9"
      "@chakra-ui/object-utils" "2.0.3"
      "@chakra-ui/react-children-utils" "2.0.1"
      "@chakra-ui/react-context" "2.0.3"
      "@chakra-ui/shared-utils" "2.0.1"
  
  "@chakra-ui/layout@2.1.6":
    version "2.1.6"
    resolved "https://registry.yarnpkg.com/@chakra-ui/layout/-/layout-2.1.6.tgz#3dfdd8b3f08d9ff34fc923d44ebe4bc86291b889"
    integrity sha512-QDNaVu44UI46c+YlSF1KrzJkiwua0UtRXNTnR3jBE1uzcuqRow7xgr3E60dLphY2cPFqAljfQZUNlP3sgvCLww==
    dependencies:
      "@chakra-ui/breakpoint-utils" "2.0.3"
      "@chakra-ui/icon" "3.0.9"
      "@chakra-ui/object-utils" "2.0.3"
      "@chakra-ui/react-children-utils" "2.0.1"
      "@chakra-ui/react-context" "2.0.3"
      "@chakra-ui/shared-utils" "2.0.1"
  
  "@chakra-ui/lazy-utils@2.0.1":
    version "2.0.1"
    resolved "https://registry.yarnpkg.com/@chakra-ui/lazy-utils/-/lazy-utils-2.0.1.tgz#6814836552028fa0823563ce3d39d22bccb203e1"
    integrity sha512-986YjYq+hEzHDLZiqYlYbdqfiKdC3h2g896Eoe5K2UXtAVxqZI3UOnMH781X6N1R7rGJWquskzG681qFigW/BA==
  
  "@chakra-ui/live-region@2.0.9":
    version "2.0.9"
    resolved "https://registry.yarnpkg.com/@chakra-ui/live-region/-/live-region-2.0.9.tgz#f26cf1b96df51515cd3a0897f9516f8b5f6bbfec"
    integrity sha512-ilbo/C5wcUoSHDU5owFPQP3KsabPYGzDEbwV+Z76BlyNdFN2PD0j13RGEH+sBNNZ3HzLyyuuc1YmkVcJi7ycQg==
  
  "@chakra-ui/media-query@3.2.5":
    version "3.2.5"
    resolved "https://registry.yarnpkg.com/@chakra-ui/media-query/-/media-query-3.2.5.tgz#c0b9dc4bc6245d9abddcbe17693e40bf5dfe34f8"
    integrity sha512-V+Dngi/r7u/uj7JhsZerM1RI597Oo4wED2ojNfclnnEVb/IoqktiuFy6RQgbo3HmE7M/E5B1i4yYzt7tQJhXlg==
    dependencies:
      "@chakra-ui/breakpoint-utils" "2.0.3"
      "@chakra-ui/react-env" "2.0.9"
  
  "@chakra-ui/menu@2.0.13":
    version "2.0.13"
    resolved "https://registry.yarnpkg.com/@chakra-ui/menu/-/menu-2.0.13.tgz#3ac5f448efc894045769c606ebe1376051556be9"
    integrity sha512-XZYoq9k/txAELUgn5OokyxfXEpVZwBueVYXiT9ji0XvMuzXVxeHd40klJEkiJUctNsOahZf10t5yxlT4B00pwA==
    dependencies:
      "@chakra-ui/clickable" "2.0.9"
      "@chakra-ui/descendant" "3.0.9"
      "@chakra-ui/lazy-utils" "2.0.1"
      "@chakra-ui/popper" "3.0.7"
      "@chakra-ui/react-children-utils" "2.0.1"
      "@chakra-ui/react-context" "2.0.3"
      "@chakra-ui/react-use-animation-state" "2.0.3"
      "@chakra-ui/react-use-controllable-state" "2.0.3"
      "@chakra-ui/react-use-disclosure" "2.0.3"
      "@chakra-ui/react-use-focus-effect" "2.0.3"
      "@chakra-ui/react-use-merge-refs" "2.0.3"
      "@chakra-ui/react-use-outside-click" "2.0.3"
      "@chakra-ui/react-use-update-effect" "2.0.3"
      "@chakra-ui/transition" "2.0.9"
  
  "@chakra-ui/modal@2.1.7":
    version "2.1.7"
    resolved "https://registry.yarnpkg.com/@chakra-ui/modal/-/modal-2.1.7.tgz#dba55bddd407689f4c2bba886b03a5355578a20d"
    integrity sha512-A+CbvhQYpmLH3SrqJ1wJysUCGm0mNoSDxRjP4wX98j56nMTDAsMYlzttpuLmKaSzvbJ7uEQDLtQV8lZjB0gUuw==
    dependencies:
      "@chakra-ui/close-button" "2.0.9"
      "@chakra-ui/focus-lock" "2.0.10"
      "@chakra-ui/portal" "2.0.9"
      "@chakra-ui/react-context" "2.0.3"
      "@chakra-ui/react-types" "2.0.3"
      "@chakra-ui/react-use-merge-refs" "2.0.3"
      "@chakra-ui/transition" "2.0.9"
      aria-hidden "^1.1.1"
      react-remove-scroll "^2.5.4"
  
  "@chakra-ui/number-input@2.0.9":
    version "2.0.9"
    resolved "https://registry.yarnpkg.com/@chakra-ui/number-input/-/number-input-2.0.9.tgz#c5ebfa0311f7586fb4c1e5f4284355b1d1f04383"
    integrity sha512-RsDzoNvSBZMgyXjN543AtQ2v99U1p/0xnGWZy4NCkgCDWMBn3kIXqSzQq5CB9Ot0MD8nnKF5VYdVdXWguXExEQ==
    dependencies:
      "@chakra-ui/counter" "2.0.9"
      "@chakra-ui/form-control" "2.0.9"
      "@chakra-ui/icon" "3.0.9"
      "@chakra-ui/react-context" "2.0.3"
      "@chakra-ui/react-types" "2.0.3"
      "@chakra-ui/react-use-callback-ref" "2.0.3"
      "@chakra-ui/react-use-event-listener" "2.0.3"
      "@chakra-ui/react-use-interval" "2.0.1"
      "@chakra-ui/react-use-merge-refs" "2.0.3"
      "@chakra-ui/react-use-safe-layout-effect" "2.0.1"
      "@chakra-ui/react-use-update-effect" "2.0.3"
  
  "@chakra-ui/number-utils@2.0.3":
    version "2.0.3"
    resolved "https://registry.yarnpkg.com/@chakra-ui/number-utils/-/number-utils-2.0.3.tgz#2cf1190647ac5a17c90baaf8176226a98eb3bfff"
    integrity sha512-oN03kYAUCCp/FNtpLr5mh+cvd/sRTzZWTBoFydmxc955psXq/X950gzs6o5kzoeFCpgXaxMmHAXQm3ReEK2NsQ==
  
  "@chakra-ui/object-utils@2.0.3":
    version "2.0.3"
    resolved "https://registry.yarnpkg.com/@chakra-ui/object-utils/-/object-utils-2.0.3.tgz#0bc8d1c7c452fe1ce8fcda439336e0392e867d7e"
    integrity sha512-36prckrqTynVD/JTzyCr8OCWVOrMs/awZo3djVbIiNxRIcJ5iEwUVy26h3MWN4ENSopipBtxNfAwPNTLU5Si/g==
  
  "@chakra-ui/pin-input@2.0.12":
    version "2.0.12"
    resolved "https://registry.yarnpkg.com/@chakra-ui/pin-input/-/pin-input-2.0.12.tgz#1ff927fdc61433a7b9b4421ceafad5674299e91a"
    integrity sha512-gaMRp5AFW+qAJCUj93V1WluuYBBZ/5A3Wy5q796g8Auvw7vufgkVtl6EBznwvtynZN8gJwbRFpMtJxQyXCkUiw==
    dependencies:
      "@chakra-ui/descendant" "3.0.9"
      "@chakra-ui/react-children-utils" "2.0.1"
      "@chakra-ui/react-context" "2.0.3"
      "@chakra-ui/react-use-controllable-state" "2.0.3"
      "@chakra-ui/react-use-merge-refs" "2.0.3"
  
  "@chakra-ui/popover@2.0.9":
    version "2.0.9"
    resolved "https://registry.yarnpkg.com/@chakra-ui/popover/-/popover-2.0.9.tgz#7f2df4cbbc3eee7440c311750e18ba00150f973f"
    integrity sha512-+7tH4RVuheFQOyAZ5KT9x+qsLvz7rGuKaHtb0427+5bhUzLaSAghtr/afzOKHDwUVBwF2tTUNanR23ipW1fXDg==
    dependencies:
      "@chakra-ui/close-button" "2.0.9"
      "@chakra-ui/hooks" "2.0.9"
      "@chakra-ui/lazy-utils" "2.0.1"
      "@chakra-ui/popper" "3.0.7"
      "@chakra-ui/react-context" "2.0.3"
      "@chakra-ui/react-types" "2.0.3"
      "@chakra-ui/react-use-disclosure" "2.0.3"
      "@chakra-ui/react-use-merge-refs" "2.0.3"
  
  "@chakra-ui/popper@3.0.7":
    version "3.0.7"
    resolved "https://registry.yarnpkg.com/@chakra-ui/popper/-/popper-3.0.7.tgz#af3428bf5d64ad9372210a70181f69a9d79eefb2"
    integrity sha512-xLYhuNsk1gOjymtek1ZdZlG21hmg2a7Iu2KsD9Hi7+aUxc2K5/XxX+/vyjjz8u4s0gmj83pTqnauQRynb/TCXA==
    dependencies:
      "@chakra-ui/react-types" "2.0.3"
      "@chakra-ui/react-use-merge-refs" "2.0.3"
      "@popperjs/core" "^2.9.3"
  
  "@chakra-ui/portal@2.0.9":
    version "2.0.9"
    resolved "https://registry.yarnpkg.com/@chakra-ui/portal/-/portal-2.0.9.tgz#b427c383a9d602c5b52b21312b4b1c0ffecaf583"
    integrity sha512-9e9S0MLbkpofPGlyYA12jNYSdndugy6ylPi5pC9nr3/VqG2Kn+8VcBChAeXW8K4ms7WFc74rNX1pBY/UVwr4qg==
    dependencies:
      "@chakra-ui/react-context" "2.0.3"
      "@chakra-ui/react-use-safe-layout-effect" "2.0.1"
  
  "@chakra-ui/progress@2.0.10":
    version "2.0.10"
    resolved "https://registry.yarnpkg.com/@chakra-ui/progress/-/progress-2.0.10.tgz#9191ae9061ef08066d37c5cb8341fedc10214a29"
    integrity sha512-my0Pi3NG1PYhlvCav4fybg3gL5HBNe+7lO4PVdri4QHEyfJlrDeBWID+1GgqlpUWdTj3sOf7ysku+FEgkeOeSA==
    dependencies:
      "@chakra-ui/react-context" "2.0.3"
  
  "@chakra-ui/provider@2.0.16":
    version "2.0.16"
    resolved "https://registry.yarnpkg.com/@chakra-ui/provider/-/provider-2.0.16.tgz#a4afdb4c8f2050beb5d2b61db8971a145481c6f2"
    integrity sha512-4t/PmjJ7WXPPaPfoYgw8F1/rVtorZuvknugHfOZcOtAPGQmOPotSv28qjKpu/mCvc1GMGV0swMsvCeInYz7g0w==
    dependencies:
      "@chakra-ui/css-reset" "2.0.7"
      "@chakra-ui/portal" "2.0.9"
      "@chakra-ui/react-env" "2.0.9"
      "@chakra-ui/system" "2.2.9"
      "@chakra-ui/utils" "2.0.9"
  
  "@chakra-ui/radio@2.0.10":
    version "2.0.10"
    resolved "https://registry.yarnpkg.com/@chakra-ui/radio/-/radio-2.0.10.tgz#82eb02313efafc460da3030d011bfd434b1ecabc"
    integrity sha512-LhAWsY22cmb+M/iyhFgkzf2+V9TJmAC77Cd+GbP3M3sxDSEUDtq08KOc3JjoYc3GzeZml3JL1yssbxh+liY3xA==
    dependencies:
      "@chakra-ui/form-control" "2.0.9"
      "@chakra-ui/react-context" "2.0.3"
      "@chakra-ui/react-types" "2.0.3"
      "@chakra-ui/react-use-merge-refs" "2.0.3"
      "@zag-js/focus-visible" "0.1.0"
  
  "@chakra-ui/react-children-utils@2.0.1":
    version "2.0.1"
    resolved "https://registry.yarnpkg.com/@chakra-ui/react-children-utils/-/react-children-utils-2.0.1.tgz#321ac05362ade1495a34ea74052d3c7da3d9e923"
    integrity sha512-sEgpuh/vWSt2+W0F49EGYXXUyjmg0lbosjVg6qUKHv9sAyx5tbrOrZ6df/TaMUSAe9m3AUOMGqUIPLpxno0DjA==
  
  "@chakra-ui/react-context@2.0.3":
    version "2.0.3"
    resolved "https://registry.yarnpkg.com/@chakra-ui/react-context/-/react-context-2.0.3.tgz#e988be62f5f5fe29d6a8496c79cbf934f840fa5a"
    integrity sha512-KmPq6sb1y05WsOUqXZtBBC4LsNKZIFrp2thTsLBwcuH7lkXZwPMHmJGKa9K980P+SWEgfH2s2PY2z+QrIuqWGg==
  
  "@chakra-ui/react-env@2.0.9":
    version "2.0.9"
    resolved "https://registry.yarnpkg.com/@chakra-ui/react-env/-/react-env-2.0.9.tgz#d51efc31d77197a3526e2c4b2f2fde557396bb3c"
    integrity sha512-4AJHNUGBR19hzVyOILYpZZgq8jGrpEcbhvR++CppbvPH7vfPZpoz6L/cBtHxS07YwDtUeBL8yCNiLlTxctV//Q==
  
  "@chakra-ui/react-types@2.0.3":
    version "2.0.3"
    resolved "https://registry.yarnpkg.com/@chakra-ui/react-types/-/react-types-2.0.3.tgz#dc454c4703b4de585e6461fd607304ede06fe595"
    integrity sha512-1mJYOQldFTALE0Wr3j6tk/MYvgQIp6CKkJulNzZrI8QN+ox/bJOh8OVP4vhwqvfigdLTui0g0k8M9h+j2ub/Mw==
  
  "@chakra-ui/react-use-animation-state@2.0.3":
    version "2.0.3"
    resolved "https://registry.yarnpkg.com/@chakra-ui/react-use-animation-state/-/react-use-animation-state-2.0.3.tgz#c10e575de76e907a84358595884a819039b24200"
    integrity sha512-sjGgzMMmxurwKDSFhDLpLNn3SWUERI5iAZOOa0pYnyOLGVXMowgIjK6jpZxre1vc3A+unjJk5P4qeiyY+C4uwQ==
    dependencies:
      "@chakra-ui/dom-utils" "2.0.1"
      "@chakra-ui/react-use-event-listener" "2.0.3"
  
  "@chakra-ui/react-use-callback-ref@2.0.3":
    version "2.0.3"
    resolved "https://registry.yarnpkg.com/@chakra-ui/react-use-callback-ref/-/react-use-callback-ref-2.0.3.tgz#532f993ae0dda27b2638d41e98f42c83751cd3b6"
    integrity sha512-kdYlhgnQKWWLNwl3WSv/Oq3+mlnu2p3y4Xc1AqKVHVcBOdQE9lpW3d7ZaOoK2aIXXWq1rocscOiXBUtM0Vqd2A==
  
  "@chakra-ui/react-use-controllable-state@2.0.3":
    version "2.0.3"
    resolved "https://registry.yarnpkg.com/@chakra-ui/react-use-controllable-state/-/react-use-controllable-state-2.0.3.tgz#7aa3f9c038513763332f6754e69ece90aed55a9c"
    integrity sha512-su8efwCWWnY2LQUU6PEnYwSGJX8kvPSO2KyUKuymx8q3fNWuyhzAZriG/TbeeCxESLp70+wuniUlSGRa4vxylQ==
    dependencies:
      "@chakra-ui/react-use-callback-ref" "2.0.3"
  
  "@chakra-ui/react-use-disclosure@2.0.3":
    version "2.0.3"
    resolved "https://registry.yarnpkg.com/@chakra-ui/react-use-disclosure/-/react-use-disclosure-2.0.3.tgz#c27bfc7e3af0728423b9e2def1e1665d0ba941bb"
    integrity sha512-3IdrzvQZcgjqSx5wTVffInOyhMU+d3ZlIE26JmqejMyN/B+qAs932iKfm0A1mTMPTz38ZnNtuaKazmzyfR1ePg==
    dependencies:
      "@chakra-ui/react-use-callback-ref" "2.0.3"
  
  "@chakra-ui/react-use-event-listener@2.0.3":
    version "2.0.3"
    resolved "https://registry.yarnpkg.com/@chakra-ui/react-use-event-listener/-/react-use-event-listener-2.0.3.tgz#11b5409c4442888e7981d5288c9e781acdacd685"
    integrity sha512-m3ZdJjo3QQ1HcQGnehlBTgHaCVewz5fwIRTXVzbZTraVJr4k589Zf87eagW57tT4dyv656lSmdhaFGZ8p5Snww==
    dependencies:
      "@chakra-ui/react-use-callback-ref" "2.0.3"
  
  "@chakra-ui/react-use-focus-effect@2.0.3":
    version "2.0.3"
    resolved "https://registry.yarnpkg.com/@chakra-ui/react-use-focus-effect/-/react-use-focus-effect-2.0.3.tgz#3e221a5e9b06a7b832a6fca1f883e6335fd69f19"
    integrity sha512-N0rho7P+rH5cn13dbS8GUOye+6RYXAmXhmlS+WW/3lWidGH3HAbMoOVf56UiuSnE1+2or8/U7qRshUryj2H1nA==
    dependencies:
      "@chakra-ui/dom-utils" "2.0.1"
      "@chakra-ui/react-use-event-listener" "2.0.3"
      "@chakra-ui/react-use-update-effect" "2.0.3"
  
  "@chakra-ui/react-use-focus-on-pointer-down@2.0.1":
    version "2.0.1"
    resolved "https://registry.yarnpkg.com/@chakra-ui/react-use-focus-on-pointer-down/-/react-use-focus-on-pointer-down-2.0.1.tgz#be0668ff844dec8bbfe978d6eaff50534f290c48"
    integrity sha512-f0qL2iWvajUo+0jwDZyJpUMJ6J6BH3WjDZE2Rp6cns4pgI6uYuv2gj+FqQ5jnoYdXkeER6lBI56a+aIW/1RYiA==
    dependencies:
      "@chakra-ui/react-use-event-listener" "2.0.3"
  
  "@chakra-ui/react-use-interval@2.0.1":
    version "2.0.1"
    resolved "https://registry.yarnpkg.com/@chakra-ui/react-use-interval/-/react-use-interval-2.0.1.tgz#a8f5dbf83607f5dc53022aa2a766fdcb09d8a081"
    integrity sha512-6ZLzKA7Ga894UZcXO3bbGYThlhviiau1oxZ1UcJG5pUXNM9Up7O/4Joq31sL+KcpteCN45vd1etomilsv/blxw==
    dependencies:
      "@chakra-ui/react-use-callback-ref" "2.0.3"
  
  "@chakra-ui/react-use-merge-refs@2.0.3":
    version "2.0.3"
    resolved "https://registry.yarnpkg.com/@chakra-ui/react-use-merge-refs/-/react-use-merge-refs-2.0.3.tgz#cd8dac79c62dd45daaf4acc4507721d23dc5dc51"
    integrity sha512-n35BmVbasy5Esa6qxznWmiV3NaRxGpqMpZH0n+X7aXt8VkGAJzRpAVjUmKCLNYyCLpqsQceCmAEK8a5SR6vxqw==
  
  "@chakra-ui/react-use-outside-click@2.0.3":
    version "2.0.3"
    resolved "https://registry.yarnpkg.com/@chakra-ui/react-use-outside-click/-/react-use-outside-click-2.0.3.tgz#d0136d1c2fb45d86361224e98e3a50648bf9b85f"
    integrity sha512-r5OohM8lOuZTz6e3vVHvfm/3sEkd06nUPBNU+r3rWh1I7bR9z5Gia/BOQD6GE4jUTanDkHcH76Pf9qJ45kpibQ==
    dependencies:
      "@chakra-ui/react-use-callback-ref" "2.0.3"
  
  "@chakra-ui/react-use-pan-event@2.0.4":
    version "2.0.4"
    resolved "https://registry.yarnpkg.com/@chakra-ui/react-use-pan-event/-/react-use-pan-event-2.0.4.tgz#bfc2c1a2a44b2996951a729182566f02c7dc05e4"
    integrity sha512-lcEjngfCgIjE5qZeJiaDx+aJzZPLjbjUmbWumi8pIgWOnDL8Ffjh7AMKW4CddP5OgcRnDDb+7aqJbb55wraboA==
    dependencies:
      "@chakra-ui/event-utils" "2.0.4"
      framesync "5.3.0"
  
  "@chakra-ui/react-use-previous@2.0.1":
    version "2.0.1"
    resolved "https://registry.yarnpkg.com/@chakra-ui/react-use-previous/-/react-use-previous-2.0.1.tgz#e19f6b363271f62c36c9f3bd91dc60caa4c4e340"
    integrity sha512-ROi+/puVd8D1QaxBSOcGlJNqV2x02ppSgmXzZZJhM8ryFLZjY9ojV3HhamB2IJ/7SIb1rMSSV1GPedFw7YMCwA==
  
  "@chakra-ui/react-use-safe-layout-effect@2.0.1":
    version "2.0.1"
    resolved "https://registry.yarnpkg.com/@chakra-ui/react-use-safe-layout-effect/-/react-use-safe-layout-effect-2.0.1.tgz#76f8882abaf17078c3b6eb93e1bb26f8c319f3f7"
    integrity sha512-H+ZOjkPqv3KBPEoP68JKpQBNdLOI0mwzEiTT397UdvBVCCJ+1/ijWVUT+Ub/pYic60O6xUghy5ORaWqJHhnKDA==
  
  "@chakra-ui/react-use-size@2.0.3":
    version "2.0.3"
    resolved "https://registry.yarnpkg.com/@chakra-ui/react-use-size/-/react-use-size-2.0.3.tgz#ae3bd683eb87a40208cf0dd467a5dafb68d87b3e"
    integrity sha512-hr4hKepPUmM2paXseSZiOTK2y+ZqnSzYNusDEB01f+cDerFjdN1jSfNJKXpiKF0+hNESXfOPQb3Zt0eDusRdoA==
    dependencies:
      "@zag-js/element-size" "0.1.0"
  
  "@chakra-ui/react-use-timeout@2.0.1":
    version "2.0.1"
    resolved "https://registry.yarnpkg.com/@chakra-ui/react-use-timeout/-/react-use-timeout-2.0.1.tgz#acacadfb7c1443aacf634ddce710b1cd7cf3b6ec"
    integrity sha512-zXh9RH+GciKr8hvaOADHOoHP72B7UZUEymA8CWCV4WEs/9s/PfQJH7X1bwvaj43CcOmfVQg4oODWqCYQM1lSsg==
    dependencies:
      "@chakra-ui/react-use-callback-ref" "2.0.3"
  
  "@chakra-ui/react-use-update-effect@2.0.3":
    version "2.0.3"
    resolved "https://registry.yarnpkg.com/@chakra-ui/react-use-update-effect/-/react-use-update-effect-2.0.3.tgz#5b0128fe1325b5b1413690db6bc8dd0712d01e29"
    integrity sha512-8hkP1o/UUUA49w/R+XyAlPiCjxXTCWCNsHWUOEhAitjJfoCNUjgaNKOD52hT07kc5ACJEcJQHA5327LnwtiIlg==
  
  "@chakra-ui/react-utils@2.0.6":
    version "2.0.6"
    resolved "https://registry.yarnpkg.com/@chakra-ui/react-utils/-/react-utils-2.0.6.tgz#bb471ce2bff724b99563685962145a2cc56bf61d"
    integrity sha512-ZL0FPaolovXOxMzYRSLHgBYtvxIkA/c5GTSYpXL8DcC+TBLZnAmQ8BPTS2b6xys6xvwdQjkZRUeQ0cBNFaryJg==
    dependencies:
      "@chakra-ui/utils" "2.0.9"
  
  "@chakra-ui/react@^2.3.1":
    version "2.3.1"
    resolved "https://registry.yarnpkg.com/@chakra-ui/react/-/react-2.3.1.tgz#da7e393f48e64d3ae64b6e2370d15729259ebd3a"
    integrity sha512-ROaIyQqpN5AXhhxDGkrP37QmnPu/ZJnT1nLdzUxHZE1sO7ujBbir3G+zHlj/Hg2DbYClkB3yfAhA08imeiJh8g==
    dependencies:
      "@chakra-ui/accordion" "2.0.12"
      "@chakra-ui/alert" "2.0.9"
      "@chakra-ui/avatar" "2.1.0"
      "@chakra-ui/breadcrumb" "2.0.9"
      "@chakra-ui/button" "2.0.9"
      "@chakra-ui/checkbox" "2.1.8"
      "@chakra-ui/close-button" "2.0.9"
      "@chakra-ui/control-box" "2.0.9"
      "@chakra-ui/counter" "2.0.9"
      "@chakra-ui/css-reset" "2.0.7"
      "@chakra-ui/editable" "2.0.9"
      "@chakra-ui/form-control" "2.0.9"
      "@chakra-ui/hooks" "2.0.9"
      "@chakra-ui/icon" "3.0.9"
      "@chakra-ui/image" "2.0.10"
      "@chakra-ui/input" "2.0.9"
      "@chakra-ui/layout" "2.1.6"
      "@chakra-ui/live-region" "2.0.9"
      "@chakra-ui/media-query" "3.2.5"
      "@chakra-ui/menu" "2.0.13"
      "@chakra-ui/modal" "2.1.7"
      "@chakra-ui/number-input" "2.0.9"
      "@chakra-ui/pin-input" "2.0.12"
      "@chakra-ui/popover" "2.0.9"
      "@chakra-ui/popper" "3.0.7"
      "@chakra-ui/portal" "2.0.9"
      "@chakra-ui/progress" "2.0.10"
      "@chakra-ui/provider" "2.0.16"
      "@chakra-ui/radio" "2.0.10"
      "@chakra-ui/react-env" "2.0.9"
      "@chakra-ui/select" "2.0.10"
      "@chakra-ui/skeleton" "2.0.15"
      "@chakra-ui/slider" "2.0.10"
      "@chakra-ui/spinner" "2.0.9"
      "@chakra-ui/stat" "2.0.9"
      "@chakra-ui/switch" "2.0.11"
      "@chakra-ui/system" "2.2.9"
      "@chakra-ui/table" "2.0.9"
      "@chakra-ui/tabs" "2.1.1"
      "@chakra-ui/tag" "2.0.9"
      "@chakra-ui/textarea" "2.0.10"
      "@chakra-ui/theme" "2.1.10"
      "@chakra-ui/toast" "3.0.9"
      "@chakra-ui/tooltip" "2.0.10"
      "@chakra-ui/transition" "2.0.9"
      "@chakra-ui/utils" "2.0.9"
      "@chakra-ui/visually-hidden" "2.0.9"
  
  "@chakra-ui/select@2.0.10":
    version "2.0.10"
    resolved "https://registry.yarnpkg.com/@chakra-ui/select/-/select-2.0.10.tgz#827028484769a32205f99baed3098a115da292b3"
    integrity sha512-7AslBWwI/JyczjMMGtPuN34M/C38koVd+N/pb6swHoIP9TRkkdvDlonIakcmtO1oLEzlNIFKmt4FQ7bUp9ea5Q==
    dependencies:
      "@chakra-ui/form-control" "2.0.9"
  
  "@chakra-ui/shared-utils@2.0.1":
    version "2.0.1"
    resolved "https://registry.yarnpkg.com/@chakra-ui/shared-utils/-/shared-utils-2.0.1.tgz#41e314e42c96039e8ffb265e73145cf755813ab4"
    integrity sha512-NXDBl/u4wrSNp0ON5R3r3evkRurrAz2yuO7neooaG+O5HEenVouGqm4CsXd6lUAPmjwiGzA0LQFNCt0Hj92dXg==
  
  "@chakra-ui/skeleton@2.0.15":
    version "2.0.15"
    resolved "https://registry.yarnpkg.com/@chakra-ui/skeleton/-/skeleton-2.0.15.tgz#fd41383bf84319e47c6ea1f4f3138f5f5e0dabca"
    integrity sha512-QVMkXwrH9jLfim8uJTZcjHeGjzoquNcHGXD5wapd7eDqp9BygvmMXAHBxFm8eEJLHuvIqLX94P6DLeiieYwX7Q==
    dependencies:
      "@chakra-ui/media-query" "3.2.5"
      "@chakra-ui/react-use-previous" "2.0.1"
  
  "@chakra-ui/slider@2.0.10":
    version "2.0.10"
    resolved "https://registry.yarnpkg.com/@chakra-ui/slider/-/slider-2.0.10.tgz#ffd7376d4a7fd9aa02e72b148e3ad4739c880498"
    integrity sha512-F0RGl2ruADbXO/GnoBUiTEl+przxhZo2e0tfw9VTtS+RsJZ22uHrTNVvVJHNmjK7/E3++kBfaLCacoJFz/io+g==
    dependencies:
      "@chakra-ui/number-utils" "2.0.3"
      "@chakra-ui/react-context" "2.0.3"
      "@chakra-ui/react-types" "2.0.3"
      "@chakra-ui/react-use-callback-ref" "2.0.3"
      "@chakra-ui/react-use-controllable-state" "2.0.3"
      "@chakra-ui/react-use-merge-refs" "2.0.3"
      "@chakra-ui/react-use-pan-event" "2.0.4"
      "@chakra-ui/react-use-size" "2.0.3"
      "@chakra-ui/react-use-update-effect" "2.0.3"
  
  "@chakra-ui/spinner@2.0.9":
    version "2.0.9"
    resolved "https://registry.yarnpkg.com/@chakra-ui/spinner/-/spinner-2.0.9.tgz#1d8544cc136699a590c3f5c518ae2c14abb459cf"
    integrity sha512-9ALl51fiVWptDu2J2xcv0TSfGf4buumpHrEXHvV2Qy+HZ6rYnUmSThBSb/VgoQS+rASG8bAbLUPlQTQ+v9ibFg==
  
  "@chakra-ui/stat@2.0.9":
    version "2.0.9"
    resolved "https://registry.yarnpkg.com/@chakra-ui/stat/-/stat-2.0.9.tgz#cecf35a4392a88227c3b85e80a45f0f5ac5f298d"
    integrity sha512-C9cytqegWSGJ/hh3/qwsgGlerXLYHrU0iQcJQ+pKSRFJhshXsv3go5IR6kVL72Yf2s4Gs5c3GsMZrLM22ePpDg==
    dependencies:
      "@chakra-ui/icon" "3.0.9"
      "@chakra-ui/react-context" "2.0.3"
  
  "@chakra-ui/styled-system@2.3.1":
    version "2.3.1"
    resolved "https://registry.yarnpkg.com/@chakra-ui/styled-system/-/styled-system-2.3.1.tgz#abf7c4e1638aaa9d92e7cf9acde17785703d166e"
    integrity sha512-jyR9s2yk5TEyq4HUfjrgUeaOzd9ZTZrbjK96UjtiTCZGO/q4j2RXtYvfheUjUyW1UnzI2A1ffHOJca8tBMDjpA==
    dependencies:
      csstype "^3.0.11"
      lodash.mergewith "4.6.2"
  
  "@chakra-ui/switch@2.0.11":
    version "2.0.11"
    resolved "https://registry.yarnpkg.com/@chakra-ui/switch/-/switch-2.0.11.tgz#57117417d1bb072f506c8c30e1a961ee7f78496b"
    integrity sha512-gY8OGBnoPosZpq7dDNVf432t67pTc/cz5VkGhbtER7bbjXSoXe0DAiAYL+HT2kD7mbTJQzzHK/y0St0WimR1Mw==
    dependencies:
      "@chakra-ui/checkbox" "2.1.8"
  
  "@chakra-ui/system@2.2.9":
    version "2.2.9"
    resolved "https://registry.yarnpkg.com/@chakra-ui/system/-/system-2.2.9.tgz#d6e7dfb9a954b8ab03c28e14c69aad56a9fcffbd"
    integrity sha512-SyTeIGm+goyYK8vqX4dU6oeLhxUAeGI3Cl+mxA+aiKIX01YTALhTWhpbrsuMYBevV+l9EGK12egPUQE+Mo3WlQ==
    dependencies:
      "@chakra-ui/color-mode" "2.1.7"
      "@chakra-ui/react-utils" "2.0.6"
      "@chakra-ui/styled-system" "2.3.1"
      "@chakra-ui/utils" "2.0.9"
      react-fast-compare "3.2.0"
  
  "@chakra-ui/table@2.0.9":
    version "2.0.9"
    resolved "https://registry.yarnpkg.com/@chakra-ui/table/-/table-2.0.9.tgz#2ddb0202e8146e517bf602e62195d13fee8f1b0a"
    integrity sha512-XRz6+x4dMeQX3xyViyG2H/P1STI/2vwvgU2cjzzwS+5fZ2JdGaTgYzBb+IZoH9agEq1Ma3rlKMUPDrRCFb7kLQ==
    dependencies:
      "@chakra-ui/react-context" "2.0.3"
  
  "@chakra-ui/tabs@2.1.1":
    version "2.1.1"
    resolved "https://registry.yarnpkg.com/@chakra-ui/tabs/-/tabs-2.1.1.tgz#0fb540782c2e4122b63a203fc1f04eff850f2c0e"
    integrity sha512-xA+vwqpAHb0nBLrkiO5Lea2UDGROyAIBqsyp/8XXXEr6eKxtNe1I6WJPbDQy0aazB2ToAA0R6fT34HjLaXP8MQ==
    dependencies:
      "@chakra-ui/clickable" "2.0.9"
      "@chakra-ui/descendant" "3.0.9"
      "@chakra-ui/lazy-utils" "2.0.1"
      "@chakra-ui/react-children-utils" "2.0.1"
      "@chakra-ui/react-context" "2.0.3"
      "@chakra-ui/react-use-controllable-state" "2.0.3"
      "@chakra-ui/react-use-merge-refs" "2.0.3"
      "@chakra-ui/react-use-safe-layout-effect" "2.0.1"
  
  "@chakra-ui/tag@2.0.9":
    version "2.0.9"
    resolved "https://registry.yarnpkg.com/@chakra-ui/tag/-/tag-2.0.9.tgz#bf8530aa766bd6b9196d374ff75b0b1ce62cd0d3"
    integrity sha512-NKARwhsZ04t2vkrdRhNcakEiVtg1q44yUUsDw2Jwdu4idAWQupZGGochQI2Ac4T2MI1b66zQUkaGnm3l1mhTtg==
    dependencies:
      "@chakra-ui/icon" "3.0.9"
      "@chakra-ui/react-context" "2.0.3"
  
  "@chakra-ui/textarea@2.0.10":
    version "2.0.10"
    resolved "https://registry.yarnpkg.com/@chakra-ui/textarea/-/textarea-2.0.10.tgz#dbbc8df8adddb488d0ee97164917e7be33d6b247"
    integrity sha512-HSo0EPsY8XKGA+Af6jTob1oe1T6NKZwgjLmX0binK3MMM9pDTXsUTw8GD0g971lxw9oktVMLK/O9QVAgVAm5mw==
    dependencies:
      "@chakra-ui/form-control" "2.0.9"
  
  "@chakra-ui/theme-tools@2.0.11":
    version "2.0.11"
    resolved "https://registry.yarnpkg.com/@chakra-ui/theme-tools/-/theme-tools-2.0.11.tgz#de97b422799627b5a514ae424ca08c1d348bc2a5"
    integrity sha512-0Juf98bAyOgnBeQ39nMKWqRsOxZDw75BbAB8o0oVyjhYVS1wJh7tFX1ZRV8N/+AN6fuRXEznZPpyUh3J+ZTiRg==
    dependencies:
      "@chakra-ui/anatomy" "2.0.6"
      "@ctrl/tinycolor" "^3.4.0"
  
  "@chakra-ui/theme@2.1.10":
    version "2.1.10"
    resolved "https://registry.yarnpkg.com/@chakra-ui/theme/-/theme-2.1.10.tgz#3bd3e212e50f902d65165ffe408d63c1554b6cf2"
    integrity sha512-7V1ReVD2B29amMO9LdRrNsyzAacXzC4Xb7P/0RDDSPWo0rZxPPrPtfhiuPi+bYqk6NN9tJ8dApVhSY+hgIH//A==
    dependencies:
      "@chakra-ui/anatomy" "2.0.6"
      "@chakra-ui/theme-tools" "2.0.11"
  
  "@chakra-ui/toast@3.0.9":
    version "3.0.9"
    resolved "https://registry.yarnpkg.com/@chakra-ui/toast/-/toast-3.0.9.tgz#25d00bb2d205047062c9c111600cef5e858c1003"
    integrity sha512-FbGiza882r5cseN3MZ6uCjGRgtoE8ZHMckQfkmM9Pbhh80I7WMWkWBlr7TjQo6q+EcZ+/4YRHrAw/TRp78v5uw==
    dependencies:
      "@chakra-ui/alert" "2.0.9"
      "@chakra-ui/close-button" "2.0.9"
      "@chakra-ui/portal" "2.0.9"
      "@chakra-ui/react-use-timeout" "2.0.1"
      "@chakra-ui/react-use-update-effect" "2.0.3"
      "@chakra-ui/theme" "2.1.10"
  
  "@chakra-ui/tooltip@2.0.10":
    version "2.0.10"
    resolved "https://registry.yarnpkg.com/@chakra-ui/tooltip/-/tooltip-2.0.10.tgz#2166753f9f246dd217d3170fd85f95a86392d9b6"
    integrity sha512-pBILBdZoux2K3EW9V6JuyZYUWz2/Y7oYCVO6AwNOesiEBGAONyzoDwFV728EzPEHe9e+YBcKOSZ9tEpDdrzHMA==
    dependencies:
      "@chakra-ui/popper" "3.0.7"
      "@chakra-ui/portal" "2.0.9"
      "@chakra-ui/react-types" "2.0.3"
      "@chakra-ui/react-use-disclosure" "2.0.3"
      "@chakra-ui/react-use-event-listener" "2.0.3"
      "@chakra-ui/react-use-merge-refs" "2.0.3"
  
  "@chakra-ui/transition@2.0.9":
    version "2.0.9"
    resolved "https://registry.yarnpkg.com/@chakra-ui/transition/-/transition-2.0.9.tgz#1967fd77f44b57681a9efe4e87561c82420cd2a2"
    integrity sha512-cVfKdZl128AEj0LDS8M9dzXao4wmTVj3gRJBnm91Qcg243Pm8OlgIBNbHEwsq/Fps+PsN431BtEGfL4w79wQEA==
  
  "@chakra-ui/utils@2.0.9":
    version "2.0.9"
    resolved "https://registry.yarnpkg.com/@chakra-ui/utils/-/utils-2.0.9.tgz#1af3882b31fb46e0a411998d8e3607656f8d5043"
    integrity sha512-7ct5562Jw6pZdtj63XfUkEUXXsCCVqdqIXyLtQ9VgOKtRQWwDxzc8uPI5Zjdw9AleEITZFUH8TNKWn75nm54kQ==
    dependencies:
      "@types/lodash.mergewith" "4.6.6"
      css-box-model "1.2.1"
      framesync "5.3.0"
      lodash.mergewith "4.6.2"
  
  "@chakra-ui/visually-hidden@2.0.9":
    version "2.0.9"
    resolved "https://registry.yarnpkg.com/@chakra-ui/visually-hidden/-/visually-hidden-2.0.9.tgz#b43a3dd0bc1108954ad0eeb50d0261887ab5e31c"
    integrity sha512-PkNxrRGp9H3bdqEaoo8XGt/AL9UuGRTom0/9XJa+G/Dj8Cy1sDuamOWk3pN/ZQs46RokfK9Uh5LqPY5dwSDweg==
  
  "@ctrl/tinycolor@^3.4.0":
    version "3.4.1"
    resolved "https://registry.yarnpkg.com/@ctrl/tinycolor/-/tinycolor-3.4.1.tgz#75b4c27948c81e88ccd3a8902047bcd797f38d32"
    integrity sha512-ej5oVy6lykXsvieQtqZxCOaLT+xD4+QNarq78cIYISHmZXshCvROLudpQN3lfL8G0NL7plMSSK+zlyvCaIJ4Iw==
  
  "@emotion/babel-plugin@^11.10.0":
    version "11.10.2"
    resolved "https://registry.yarnpkg.com/@emotion/babel-plugin/-/babel-plugin-11.10.2.tgz#879db80ba622b3f6076917a1e6f648b1c7d008c7"
    integrity sha512-xNQ57njWTFVfPAc3cjfuaPdsgLp5QOSuRsj9MA6ndEhH/AzuZM86qIQzt6rq+aGBwj3n5/TkLmU5lhAfdRmogA==
    dependencies:
      "@babel/helper-module-imports" "^7.16.7"
      "@babel/plugin-syntax-jsx" "^7.17.12"
      "@babel/runtime" "^7.18.3"
      "@emotion/hash" "^0.9.0"
      "@emotion/memoize" "^0.8.0"
      "@emotion/serialize" "^1.1.0"
      babel-plugin-macros "^3.1.0"
      convert-source-map "^1.5.0"
      escape-string-regexp "^4.0.0"
      find-root "^1.1.0"
      source-map "^0.5.7"
      stylis "4.0.13"
  
  "@emotion/cache@^11.10.0":
    version "11.10.3"
    resolved "https://registry.yarnpkg.com/@emotion/cache/-/cache-11.10.3.tgz#c4f67904fad10c945fea5165c3a5a0583c164b87"
    integrity sha512-Psmp/7ovAa8appWh3g51goxu/z3iVms7JXOreq136D8Bbn6dYraPnmL6mdM8GThEx9vwSn92Fz+mGSjBzN8UPQ==
    dependencies:
      "@emotion/memoize" "^0.8.0"
      "@emotion/sheet" "^1.2.0"
      "@emotion/utils" "^1.2.0"
      "@emotion/weak-memoize" "^0.3.0"
      stylis "4.0.13"
  
  "@emotion/hash@^0.9.0":
    version "0.9.0"
    resolved "https://registry.yarnpkg.com/@emotion/hash/-/hash-0.9.0.tgz#c5153d50401ee3c027a57a177bc269b16d889cb7"
    integrity sha512-14FtKiHhy2QoPIzdTcvh//8OyBlknNs2nXRwIhG904opCby3l+9Xaf/wuPvICBF0rc1ZCNBd3nKe9cd2mecVkQ==
  
  "@emotion/is-prop-valid@^0.8.2":
    version "0.8.8"
    resolved "https://registry.yarnpkg.com/@emotion/is-prop-valid/-/is-prop-valid-0.8.8.tgz#db28b1c4368a259b60a97311d6a952d4fd01ac1a"
    integrity sha512-u5WtneEAr5IDG2Wv65yhunPSMLIpuKsbuOktRojfrEiEvRyC85LgPMZI63cr7NUqT8ZIGdSVg8ZKGxIug4lXcA==
    dependencies:
      "@emotion/memoize" "0.7.4"
  
  "@emotion/is-prop-valid@^1.2.0":
    version "1.2.0"
    resolved "https://registry.yarnpkg.com/@emotion/is-prop-valid/-/is-prop-valid-1.2.0.tgz#7f2d35c97891669f7e276eb71c83376a5dc44c83"
    integrity sha512-3aDpDprjM0AwaxGE09bOPkNxHpBd+kA6jty3RnaEXdweX1DF1U3VQpPYb0g1IStAuK7SVQ1cy+bNBBKp4W3Fjg==
    dependencies:
      "@emotion/memoize" "^0.8.0"
  
  "@emotion/memoize@0.7.4":
    version "0.7.4"
    resolved "https://registry.yarnpkg.com/@emotion/memoize/-/memoize-0.7.4.tgz#19bf0f5af19149111c40d98bb0cf82119f5d9eeb"
    integrity sha512-Ja/Vfqe3HpuzRsG1oBtWTHk2PGZ7GR+2Vz5iYGelAw8dx32K0y7PjVuxK6z1nMpZOqAFsRUPCkK1YjJ56qJlgw==
  
  "@emotion/memoize@^0.8.0":
    version "0.8.0"
    resolved "https://registry.yarnpkg.com/@emotion/memoize/-/memoize-0.8.0.tgz#f580f9beb67176fa57aae70b08ed510e1b18980f"
    integrity sha512-G/YwXTkv7Den9mXDO7AhLWkE3q+I92B+VqAE+dYG4NGPaHZGvt3G8Q0p9vmE+sq7rTGphUbAvmQ9YpbfMQGGlA==
  
  "@emotion/react@^11":
    version "11.10.4"
    resolved "https://registry.yarnpkg.com/@emotion/react/-/react-11.10.4.tgz#9dc6bccbda5d70ff68fdb204746c0e8b13a79199"
    integrity sha512-j0AkMpr6BL8gldJZ6XQsQ8DnS9TxEQu1R+OGmDZiWjBAJtCcbt0tS3I/YffoqHXxH6MjgI7KdMbYKw3MEiU9eA==
    dependencies:
      "@babel/runtime" "^7.18.3"
      "@emotion/babel-plugin" "^11.10.0"
      "@emotion/cache" "^11.10.0"
      "@emotion/serialize" "^1.1.0"
      "@emotion/use-insertion-effect-with-fallbacks" "^1.0.0"
      "@emotion/utils" "^1.2.0"
      "@emotion/weak-memoize" "^0.3.0"
      hoist-non-react-statics "^3.3.1"
  
  "@emotion/serialize@^1.1.0":
    version "1.1.0"
    resolved "https://registry.yarnpkg.com/@emotion/serialize/-/serialize-1.1.0.tgz#b1f97b1011b09346a40e9796c37a3397b4ea8ea8"
    integrity sha512-F1ZZZW51T/fx+wKbVlwsfchr5q97iW8brAnXmsskz4d0hVB4O3M/SiA3SaeH06x02lSNzkkQv+n3AX3kCXKSFA==
    dependencies:
      "@emotion/hash" "^0.9.0"
      "@emotion/memoize" "^0.8.0"
      "@emotion/unitless" "^0.8.0"
      "@emotion/utils" "^1.2.0"
      csstype "^3.0.2"
  
  "@emotion/sheet@^1.2.0":
    version "1.2.0"
    resolved "https://registry.yarnpkg.com/@emotion/sheet/-/sheet-1.2.0.tgz#771b1987855839e214fc1741bde43089397f7be5"
    integrity sha512-OiTkRgpxescko+M51tZsMq7Puu/KP55wMT8BgpcXVG2hqXc0Vo0mfymJ/Uj24Hp0i083ji/o0aLddh08UEjq8w==
  
  "@emotion/styled@^11":
    version "11.10.4"
    resolved "https://registry.yarnpkg.com/@emotion/styled/-/styled-11.10.4.tgz#e93f84a4d54003c2acbde178c3f97b421fce1cd4"
    integrity sha512-pRl4R8Ez3UXvOPfc2bzIoV8u9P97UedgHS4FPX594ntwEuAMA114wlaHvOK24HB48uqfXiGlYIZYCxVJ1R1ttQ==
    dependencies:
      "@babel/runtime" "^7.18.3"
      "@emotion/babel-plugin" "^11.10.0"
      "@emotion/is-prop-valid" "^1.2.0"
      "@emotion/serialize" "^1.1.0"
      "@emotion/use-insertion-effect-with-fallbacks" "^1.0.0"
      "@emotion/utils" "^1.2.0"
  
  "@emotion/unitless@^0.8.0":
    version "0.8.0"
    resolved "https://registry.yarnpkg.com/@emotion/unitless/-/unitless-0.8.0.tgz#a4a36e9cbdc6903737cd20d38033241e1b8833db"
    integrity sha512-VINS5vEYAscRl2ZUDiT3uMPlrFQupiKgHz5AA4bCH1miKBg4qtwkim1qPmJj/4WG6TreYMY111rEFsjupcOKHw==
  
  "@emotion/use-insertion-effect-with-fallbacks@^1.0.0":
    version "1.0.0"
    resolved "https://registry.yarnpkg.com/@emotion/use-insertion-effect-with-fallbacks/-/use-insertion-effect-with-fallbacks-1.0.0.tgz#ffadaec35dbb7885bd54de3fa267ab2f860294df"
    integrity sha512-1eEgUGmkaljiBnRMTdksDV1W4kUnmwgp7X9G8B++9GYwl1lUdqSndSriIrTJ0N7LQaoauY9JJ2yhiOYK5+NI4A==
  
  "@emotion/utils@^1.2.0":
    version "1.2.0"
    resolved "https://registry.yarnpkg.com/@emotion/utils/-/utils-1.2.0.tgz#9716eaccbc6b5ded2ea5a90d65562609aab0f561"
    integrity sha512-sn3WH53Kzpw8oQ5mgMmIzzyAaH2ZqFEbozVVBSYp538E06OSE6ytOp7pRAjNQR+Q/orwqdQYJSe2m3hCOeznkw==
  
  "@emotion/weak-memoize@^0.3.0":
    version "0.3.0"
    resolved "https://registry.yarnpkg.com/@emotion/weak-memoize/-/weak-memoize-0.3.0.tgz#ea89004119dc42db2e1dba0f97d553f7372f6fcb"
    integrity sha512-AHPmaAx+RYfZz0eYu6Gviiagpmiyw98ySSlQvCUhVGDRtDFe4DBS0x1bSjdF3gqUDYOczB+yYvBTtEylYSdRhg==
  
  "@motionone/animation@^10.12.0":
    version "10.14.0"
    resolved "https://registry.yarnpkg.com/@motionone/animation/-/animation-10.14.0.tgz#2f2a3517183bb58d82e389aac777fe0850079de6"
    integrity sha512-h+1sdyBP8vbxEBW5gPFDnj+m2DCqdlAuf2g6Iafb1lcMnqjsRXWlPw1AXgvUMXmreyhqmPbJqoNfIKdytampRQ==
    dependencies:
      "@motionone/easing" "^10.14.0"
      "@motionone/types" "^10.14.0"
      "@motionone/utils" "^10.14.0"
      tslib "^2.3.1"
  
  "@motionone/dom@10.12.0":
    version "10.12.0"
    resolved "https://registry.yarnpkg.com/@motionone/dom/-/dom-10.12.0.tgz#ae30827fd53219efca4e1150a5ff2165c28351ed"
    integrity sha512-UdPTtLMAktHiqV0atOczNYyDd/d8Cf5fFsd1tua03PqTwwCe/6lwhLSQ8a7TbnQ5SN0gm44N1slBfj+ORIhrqw==
    dependencies:
      "@motionone/animation" "^10.12.0"
      "@motionone/generators" "^10.12.0"
      "@motionone/types" "^10.12.0"
      "@motionone/utils" "^10.12.0"
      hey-listen "^1.0.8"
      tslib "^2.3.1"
  
  "@motionone/easing@^10.14.0":
    version "10.14.0"
    resolved "https://registry.yarnpkg.com/@motionone/easing/-/easing-10.14.0.tgz#d8154b7f71491414f3cdee23bd3838d763fffd00"
    integrity sha512-2vUBdH9uWTlRbuErhcsMmt1jvMTTqvGmn9fHq8FleFDXBlHFs5jZzHJT9iw+4kR1h6a4SZQuCf72b9ji92qNYA==
    dependencies:
      "@motionone/utils" "^10.14.0"
      tslib "^2.3.1"
  
  "@motionone/generators@^10.12.0":
    version "10.14.0"
    resolved "https://registry.yarnpkg.com/@motionone/generators/-/generators-10.14.0.tgz#e05d9dd56da78a4b92db99185848a0f3db62242d"
    integrity sha512-6kRHezoFfIjFN7pPpaxmkdZXD36tQNcyJe3nwVqwJ+ZfC0e3rFmszR8kp9DEVFs9QL/akWjuGPSLBI1tvz+Vjg==
    dependencies:
      "@motionone/types" "^10.14.0"
      "@motionone/utils" "^10.14.0"
      tslib "^2.3.1"
  
  "@motionone/types@^10.12.0", "@motionone/types@^10.14.0":
    version "10.14.0"
    resolved "https://registry.yarnpkg.com/@motionone/types/-/types-10.14.0.tgz#148c34f3270b175397e49c3058b33fab405c21e3"
    integrity sha512-3bNWyYBHtVd27KncnJLhksMFQ5o2MSdk1cA/IZqsHtA9DnRM1SYgN01CTcJ8Iw8pCXF5Ocp34tyAjY7WRpOJJQ==
  
  "@motionone/utils@^10.12.0", "@motionone/utils@^10.14.0":
    version "10.14.0"
    resolved "https://registry.yarnpkg.com/@motionone/utils/-/utils-10.14.0.tgz#a19a3464ed35b08506747b062d035c7bc9bbe708"
    integrity sha512-sLWBLPzRqkxmOTRzSaD3LFQXCPHvDzyHJ1a3VP9PRzBxyVd2pv51/gMOsdAcxQ9n+MIeGJnxzXBYplUHKj4jkw==
    dependencies:
      "@motionone/types" "^10.14.0"
      hey-listen "^1.0.8"
      tslib "^2.3.1"
  
  "@next/env@12.2.5":
    version "12.2.5"
    resolved "https://registry.yarnpkg.com/@next/env/-/env-12.2.5.tgz#d908c57b35262b94db3e431e869b72ac3e1ad3e3"
    integrity sha512-vLPLV3cpPGjUPT3PjgRj7e3nio9t6USkuew3JE/jMeon/9Mvp1WyR18v3iwnCuX7eUAm1HmAbJHHLAbcu/EJcw==
  
  "@next/swc-android-arm-eabi@12.2.5":
    version "12.2.5"
    resolved "https://registry.yarnpkg.com/@next/swc-android-arm-eabi/-/swc-android-arm-eabi-12.2.5.tgz#903a5479ab4c2705d9c08d080907475f7bacf94d"
    integrity sha512-cPWClKxGhgn2dLWnspW+7psl3MoLQUcNqJqOHk2BhNcou9ARDtC0IjQkKe5qcn9qg7I7U83Gp1yh2aesZfZJMA==
  
  "@next/swc-android-arm64@12.2.5":
    version "12.2.5"
    resolved "https://registry.yarnpkg.com/@next/swc-android-arm64/-/swc-android-arm64-12.2.5.tgz#2f9a98ec4166c7860510963b31bda1f57a77c792"
    integrity sha512-vMj0efliXmC5b7p+wfcQCX0AfU8IypjkzT64GiKJD9PgiA3IILNiGJr1fw2lyUDHkjeWx/5HMlMEpLnTsQslwg==
  
  "@next/swc-darwin-arm64@12.2.5":
    version "12.2.5"
    resolved "https://registry.yarnpkg.com/@next/swc-darwin-arm64/-/swc-darwin-arm64-12.2.5.tgz#31b1c3c659d54be546120c488a1e1bad21c24a1d"
    integrity sha512-VOPWbO5EFr6snla/WcxUKtvzGVShfs302TEMOtzYyWni6f9zuOetijJvVh9CCTzInnXAZMtHyNhefijA4HMYLg==
  
  "@next/swc-darwin-x64@12.2.5":
    version "12.2.5"
    resolved "https://registry.yarnpkg.com/@next/swc-darwin-x64/-/swc-darwin-x64-12.2.5.tgz#2e44dd82b2b7fef88238d1bc4d3bead5884cedfd"
    integrity sha512-5o8bTCgAmtYOgauO/Xd27vW52G2/m3i5PX7MUYePquxXAnX73AAtqA3WgPXBRitEB60plSKZgOTkcpqrsh546A==
  
  "@next/swc-freebsd-x64@12.2.5":
    version "12.2.5"
    resolved "https://registry.yarnpkg.com/@next/swc-freebsd-x64/-/swc-freebsd-x64-12.2.5.tgz#e24e75d8c2581bfebc75e4f08f6ddbd116ce9dbd"
    integrity sha512-yYUbyup1JnznMtEBRkK4LT56N0lfK5qNTzr6/DEyDw5TbFVwnuy2hhLBzwCBkScFVjpFdfiC6SQAX3FrAZzuuw==
  
  "@next/swc-linux-arm-gnueabihf@12.2.5":
    version "12.2.5"
    resolved "https://registry.yarnpkg.com/@next/swc-linux-arm-gnueabihf/-/swc-linux-arm-gnueabihf-12.2.5.tgz#46d8c514d834d2b5f67086013f0bd5e3081e10b9"
    integrity sha512-2ZE2/G921Acks7UopJZVMgKLdm4vN4U0yuzvAMJ6KBavPzqESA2yHJlm85TV/K9gIjKhSk5BVtauIUntFRP8cg==
  
  "@next/swc-linux-arm64-gnu@12.2.5":
    version "12.2.5"
    resolved "https://registry.yarnpkg.com/@next/swc-linux-arm64-gnu/-/swc-linux-arm64-gnu-12.2.5.tgz#91f725ac217d3a1f4f9f53b553615ba582fd3d9f"
    integrity sha512-/I6+PWVlz2wkTdWqhlSYYJ1pWWgUVva6SgX353oqTh8njNQp1SdFQuWDqk8LnM6ulheVfSsgkDzxrDaAQZnzjQ==
  
  "@next/swc-linux-arm64-musl@12.2.5":
    version "12.2.5"
    resolved "https://registry.yarnpkg.com/@next/swc-linux-arm64-musl/-/swc-linux-arm64-musl-12.2.5.tgz#e627e8c867920995810250303cd9b8e963598383"
    integrity sha512-LPQRelfX6asXyVr59p5sTpx5l+0yh2Vjp/R8Wi4X9pnqcayqT4CUJLiHqCvZuLin3IsFdisJL0rKHMoaZLRfmg==
  
  "@next/swc-linux-x64-gnu@12.2.5":
    version "12.2.5"
    resolved "https://registry.yarnpkg.com/@next/swc-linux-x64-gnu/-/swc-linux-x64-gnu-12.2.5.tgz#83a5e224fbc4d119ef2e0f29d0d79c40cc43887e"
    integrity sha512-0szyAo8jMCClkjNK0hknjhmAngUppoRekW6OAezbEYwHXN/VNtsXbfzgYOqjKWxEx3OoAzrT3jLwAF0HdX2MEw==
  
  "@next/swc-linux-x64-musl@12.2.5":
    version "12.2.5"
    resolved "https://registry.yarnpkg.com/@next/swc-linux-x64-musl/-/swc-linux-x64-musl-12.2.5.tgz#be700d48471baac1ec2e9539396625584a317e95"
    integrity sha512-zg/Y6oBar1yVnW6Il1I/08/2ukWtOG6s3acdJdEyIdsCzyQi4RLxbbhkD/EGQyhqBvd3QrC6ZXQEXighQUAZ0g==
  
  "@next/swc-win32-arm64-msvc@12.2.5":
    version "12.2.5"
    resolved "https://registry.yarnpkg.com/@next/swc-win32-arm64-msvc/-/swc-win32-arm64-msvc-12.2.5.tgz#a93e958133ad3310373fda33a79aa10af2a0aa97"
    integrity sha512-3/90DRNSqeeSRMMEhj4gHHQlLhhKg5SCCoYfE3kBjGpE63EfnblYUqsszGGZ9ekpKL/R4/SGB40iCQr8tR5Jiw==
  
  "@next/swc-win32-ia32-msvc@12.2.5":
    version "12.2.5"
    resolved "https://registry.yarnpkg.com/@next/swc-win32-ia32-msvc/-/swc-win32-ia32-msvc-12.2.5.tgz#4f5f7ba0a98ff89a883625d4af0125baed8b2e19"
    integrity sha512-hGLc0ZRAwnaPL4ulwpp4D2RxmkHQLuI8CFOEEHdzZpS63/hMVzv81g8jzYA0UXbb9pus/iTc3VRbVbAM03SRrw==
  
  "@next/swc-win32-x64-msvc@12.2.5":
    version "12.2.5"
    resolved "https://registry.yarnpkg.com/@next/swc-win32-x64-msvc/-/swc-win32-x64-msvc-12.2.5.tgz#20fed129b04a0d3f632c6d0de135345bb623b1e4"
    integrity sha512-7h5/ahY7NeaO2xygqVrSG/Y8Vs4cdjxIjowTZ5W6CKoTKn7tmnuxlUc2h74x06FKmbhAd9agOjr/AOKyxYYm9Q==
  
  "@popperjs/core@^2.9.3":
    version "2.11.6"
    resolved "https://registry.yarnpkg.com/@popperjs/core/-/core-2.11.6.tgz#cee20bd55e68a1720bdab363ecf0c821ded4cd45"
    integrity sha512-50/17A98tWUfQ176raKiOGXuYpLyyVMkxxG6oylzL3BPOlA6ADGdK7EYunSa4I064xerltq9TGXs8HmOk5E+vw==
  
  "@swc/helpers@0.4.3":
    version "0.4.3"
    resolved "https://registry.yarnpkg.com/@swc/helpers/-/helpers-0.4.3.tgz#16593dfc248c53b699d4b5026040f88ddb497012"
    integrity sha512-6JrF+fdUK2zbGpJIlN7G3v966PQjyx/dPt1T9km2wj+EUBqgrxCk3uX4Kct16MIm9gGxfKRcfax2hVf5jvlTzA==
    dependencies:
      tslib "^2.4.0"
  
  "@types/lodash.mergewith@4.6.6":
    version "4.6.6"
    resolved "https://registry.yarnpkg.com/@types/lodash.mergewith/-/lodash.mergewith-4.6.6.tgz#c4698f5b214a433ff35cb2c75ee6ec7f99d79f10"
    integrity sha512-RY/8IaVENjG19rxTZu9Nukqh0W2UrYgmBj5sdns4hWRZaV8PqR7wIKHFKzvOTjo4zVRV7sVI+yFhAJql12Kfqg==
    dependencies:
      "@types/lodash" "*"
  
  "@types/lodash@*":
    version "4.14.184"
    resolved "https://registry.yarnpkg.com/@types/lodash/-/lodash-4.14.184.tgz#23f96cd2a21a28e106dc24d825d4aa966de7a9fe"
    integrity sha512-RoZphVtHbxPZizt4IcILciSWiC6dcn+eZ8oX9IWEYfDMcocdd42f7NPI6fQj+6zI8y4E0L7gu2pcZKLGTRaV9Q==
  
  "@types/parse-json@^4.0.0":
    version "4.0.0"
    resolved "https://registry.yarnpkg.com/@types/parse-json/-/parse-json-4.0.0.tgz#2f8bb441434d163b35fb8ffdccd7138927ffb8c0"
    integrity sha512-//oorEZjL6sbPcKUaCdIGlIUeH26mgzimjBB77G6XRgnDl/L5wOnpyBGRe/Mmf5CVW3PwEBE1NjiMZ/ssFh4wA==
  
  "@zag-js/element-size@0.1.0":
    version "0.1.0"
    resolved "https://registry.yarnpkg.com/@zag-js/element-size/-/element-size-0.1.0.tgz#dfdb3f66a70328d0c3149aae29b8f99c10590c22"
    integrity sha512-QF8wp0+V8++z+FHXiIw93+zudtubYszOtYbNgK39fg3pi+nCZtuSm4L1jC5QZMatNZ83MfOzyNCfgUubapagJQ==
  
  "@zag-js/focus-visible@0.1.0":
    version "0.1.0"
    resolved "https://registry.yarnpkg.com/@zag-js/focus-visible/-/focus-visible-0.1.0.tgz#9777bbaff8316d0b3a14a9095631e1494f69dbc7"
    integrity sha512-PeaBcTmdZWcFf7n1aM+oiOdZc+sy14qi0emPIeUuGMTjbP0xLGrZu43kdpHnWSXy7/r4Ubp/vlg50MCV8+9Isg==
  
  ansi-styles@^3.2.1:
    version "3.2.1"
    resolved "https://registry.yarnpkg.com/ansi-styles/-/ansi-styles-3.2.1.tgz#41fbb20243e50b12be0f04b8dedbf07520ce841d"
    integrity sha512-VT0ZI6kZRdTh8YyJw3SMbYm/u+NqfsAxEpWO0Pf9sq8/e94WxxOpPKx9FR1FlyCtOVDNOQ+8ntlqFxiRc+r5qA==
    dependencies:
      color-convert "^1.9.0"
  
  aria-hidden@^1.1.1:
    version "1.2.1"
    resolved "https://registry.yarnpkg.com/aria-hidden/-/aria-hidden-1.2.1.tgz#ad8c1edbde360b454eb2bf717ea02da00bfee0f8"
    integrity sha512-PN344VAf9j1EAi+jyVHOJ8XidQdPVssGco39eNcsGdM4wcsILtxrKLkbuiMfLWYROK1FjRQasMWCBttrhjnr6A==
    dependencies:
      tslib "^2.0.0"
  
  babel-plugin-macros@^3.1.0:
    version "3.1.0"
    resolved "https://registry.yarnpkg.com/babel-plugin-macros/-/babel-plugin-macros-3.1.0.tgz#9ef6dc74deb934b4db344dc973ee851d148c50c1"
    integrity sha512-Cg7TFGpIr01vOQNODXOOaGz2NpCU5gl8x1qJFbb6hbZxR7XrcE2vtbAsTAbJ7/xwJtUuJEw8K8Zr/AE0LHlesg==
    dependencies:
      "@babel/runtime" "^7.12.5"
      cosmiconfig "^7.0.0"
      resolve "^1.19.0"
  
  callsites@^3.0.0:
    version "3.1.0"
    resolved "https://registry.yarnpkg.com/callsites/-/callsites-3.1.0.tgz#b3630abd8943432f54b3f0519238e33cd7df2f73"
    integrity sha512-P8BjAsXvZS+VIDUI11hHCQEv74YT67YUi5JJFNWIqL235sBmjX4+qx9Muvls5ivyNENctx46xQLQ3aTuE7ssaQ==
  
  caniuse-lite@^1.0.30001332:
    version "1.0.30001387"
    resolved "https://registry.yarnpkg.com/caniuse-lite/-/caniuse-lite-1.0.30001387.tgz#90d2b9bdfcc3ab9a5b9addee00a25ef86c9e2e1e"
    integrity sha512-fKDH0F1KOJvR+mWSOvhj8lVRr/Q/mc5u5nabU2vi1/sgvlSqEsE8dOq0Hy/BqVbDkCYQPRRHB1WRjW6PGB/7PA==
  
  chalk@^2.0.0:
    version "2.4.2"
    resolved "https://registry.yarnpkg.com/chalk/-/chalk-2.4.2.tgz#cd42541677a54333cf541a49108c1432b44c9424"
    integrity sha512-Mti+f9lpJNcwF4tWV8/OrTTtF1gZi+f8FqlyAdouralcFWFQWF2+NgCHShjkCb+IFBLq9buZwE1xckQU4peSuQ==
    dependencies:
      ansi-styles "^3.2.1"
      escape-string-regexp "^1.0.5"
      supports-color "^5.3.0"
  
  color-convert@^1.9.0:
    version "1.9.3"
    resolved "https://registry.yarnpkg.com/color-convert/-/color-convert-1.9.3.tgz#bb71850690e1f136567de629d2d5471deda4c1e8"
    integrity sha512-QfAUtd+vFdAtFQcC8CCyYt1fYWxSqAiK2cSD6zDB8N3cpsEBAvRxp9zOGg6G/SHHJYAT88/az/IuDGALsNVbGg==
    dependencies:
      color-name "1.1.3"
  
  color-name@1.1.3:
    version "1.1.3"
    resolved "https://registry.yarnpkg.com/color-name/-/color-name-1.1.3.tgz#a7d0558bd89c42f795dd42328f740831ca53bc25"
    integrity sha512-72fSenhMw2HZMTVHeCA9KCmpEIbzWiQsjN+BHcBbS9vr1mtt+vJjPdksIBNUmKAW8TFUDPJK5SUU3QhE9NEXDw==
  
  compute-scroll-into-view@1.0.14:
    version "1.0.14"
    resolved "https://registry.yarnpkg.com/compute-scroll-into-view/-/compute-scroll-into-view-1.0.14.tgz#80e3ebb25d6aa89f42e533956cb4b16a04cfe759"
    integrity sha512-mKDjINe3tc6hGelUMNDzuhorIUZ7kS7BwyY0r2wQd2HOH2tRuJykiC06iSEX8y1TuhNzvz4GcJnK16mM2J1NMQ==
  
  convert-source-map@^1.5.0:
    version "1.8.0"
    resolved "https://registry.yarnpkg.com/convert-source-map/-/convert-source-map-1.8.0.tgz#f3373c32d21b4d780dd8004514684fb791ca4369"
    integrity sha512-+OQdjP49zViI/6i7nIJpA8rAl4sV/JdPfU9nZs3VqOwGIgizICvuN2ru6fMd+4llL0tar18UYJXfZ/TWtmhUjA==
    dependencies:
      safe-buffer "~5.1.1"
  
  copy-to-clipboard@3.3.1:
    version "3.3.1"
    resolved "https://registry.yarnpkg.com/copy-to-clipboard/-/copy-to-clipboard-3.3.1.tgz#115aa1a9998ffab6196f93076ad6da3b913662ae"
    integrity sha512-i13qo6kIHTTpCm8/Wup+0b1mVWETvu2kIMzKoK8FpkLkFxlt0znUAHcMzox+T8sPlqtZXq3CulEjQHsYiGFJUw==
    dependencies:
      toggle-selection "^1.0.6"
  
  cosmiconfig@^7.0.0:
    version "7.0.1"
    resolved "https://registry.yarnpkg.com/cosmiconfig/-/cosmiconfig-7.0.1.tgz#714d756522cace867867ccb4474c5d01bbae5d6d"
    integrity sha512-a1YWNUV2HwGimB7dU2s1wUMurNKjpx60HxBB6xUM8Re+2s1g1IIfJvFR0/iCF+XHdE0GMTKTuLR32UQff4TEyQ==
    dependencies:
      "@types/parse-json" "^4.0.0"
      import-fresh "^3.2.1"
      parse-json "^5.0.0"
      path-type "^4.0.0"
      yaml "^1.10.0"
  
  css-box-model@1.2.1:
    version "1.2.1"
    resolved "https://registry.yarnpkg.com/css-box-model/-/css-box-model-1.2.1.tgz#59951d3b81fd6b2074a62d49444415b0d2b4d7c1"
    integrity sha512-a7Vr4Q/kd/aw96bnJG332W9V9LkJO69JRcaCYDUqjp6/z0w6VcZjgAcTbgFxEPfBgdnAwlh3iwu+hLopa+flJw==
    dependencies:
      tiny-invariant "^1.0.6"
  
  csstype@^3.0.11, csstype@^3.0.2:
    version "3.1.0"
    resolved "https://registry.yarnpkg.com/csstype/-/csstype-3.1.0.tgz#4ddcac3718d787cf9df0d1b7d15033925c8f29f2"
    integrity sha512-uX1KG+x9h5hIJsaKR9xHUeUraxf8IODOwq9JLNPq6BwB04a/xgpq3rcx47l5BZu5zBPlgD342tdke3Hom/nJRA==
  
  detect-node-es@^1.1.0:
    version "1.1.0"
    resolved "https://registry.yarnpkg.com/detect-node-es/-/detect-node-es-1.1.0.tgz#163acdf643330caa0b4cd7c21e7ee7755d6fa493"
    integrity sha512-ypdmJU/TbBby2Dxibuv7ZLW3Bs1QEmM7nHjEANfohJLvE0XVujisn1qPJcZxg+qDucsr+bP6fLD1rPS3AhJ7EQ==
  
  error-ex@^1.3.1:
    version "1.3.2"
    resolved "https://registry.yarnpkg.com/error-ex/-/error-ex-1.3.2.tgz#b4ac40648107fdcdcfae242f428bea8a14d4f1bf"
    integrity sha512-7dFHNmqeFSEt2ZBsCriorKnn3Z2pj+fd9kmI6QoWw4//DL+icEBfc0U7qJCisqrTsKTjw4fNFy2pW9OqStD84g==
    dependencies:
      is-arrayish "^0.2.1"
  
  escape-string-regexp@^1.0.5:
    version "1.0.5"
    resolved "https://registry.yarnpkg.com/escape-string-regexp/-/escape-string-regexp-1.0.5.tgz#1b61c0562190a8dff6ae3bb2cf0200ca130b86d4"
    integrity sha512-vbRorB5FUQWvla16U8R/qgaFIya2qGzwDrNmCZuYKrbdSUMG6I1ZCGQRefkRVhuOkIGVne7BQ35DSfo1qvJqFg==
  
  escape-string-regexp@^4.0.0:
    version "4.0.0"
    resolved "https://registry.yarnpkg.com/escape-string-regexp/-/escape-string-regexp-4.0.0.tgz#14ba83a5d373e3d311e5afca29cf5bfad965bf34"
    integrity sha512-TtpcNJ3XAzx3Gq8sWRzJaVajRs0uVxA2YAkdb1jm2YkPz4G6egUFAyA3n5vtEIZefPk5Wa4UXbKuS5fKkJWdgA==
  
  find-root@^1.1.0:
    version "1.1.0"
    resolved "https://registry.yarnpkg.com/find-root/-/find-root-1.1.0.tgz#abcfc8ba76f708c42a97b3d685b7e9450bfb9ce4"
    integrity sha512-NKfW6bec6GfKc0SGx1e07QZY9PE99u0Bft/0rzSD5k3sO/vwkVUpDUKVm5Gpp5Ue3YfShPFTX2070tDs5kB9Ng==
  
  focus-lock@^0.11.2:
    version "0.11.2"
    resolved "https://registry.yarnpkg.com/focus-lock/-/focus-lock-0.11.2.tgz#aeef3caf1cea757797ac8afdebaec8fd9ab243ed"
    integrity sha512-pZ2bO++NWLHhiKkgP1bEXHhR1/OjVcSvlCJ98aNJDFeb7H5OOQaO+SKOZle6041O9rv2tmbrO4JzClAvDUHf0g==
    dependencies:
      tslib "^2.0.3"
  
  framer-motion@^6:
    version "6.5.1"
    resolved "https://registry.yarnpkg.com/framer-motion/-/framer-motion-6.5.1.tgz#802448a16a6eb764124bf36d8cbdfa6dd6b931a7"
    integrity sha512-o1BGqqposwi7cgDrtg0dNONhkmPsUFDaLcKXigzuTFC5x58mE8iyTazxSudFzmT6MEyJKfjjU8ItoMe3W+3fiw==
    dependencies:
      "@motionone/dom" "10.12.0"
      framesync "6.0.1"
      hey-listen "^1.0.8"
      popmotion "11.0.3"
      style-value-types "5.0.0"
      tslib "^2.1.0"
    optionalDependencies:
      "@emotion/is-prop-valid" "^0.8.2"
  
  framesync@5.3.0:
    version "5.3.0"
    resolved "https://registry.yarnpkg.com/framesync/-/framesync-5.3.0.tgz#0ecfc955e8f5a6ddc8fdb0cc024070947e1a0d9b"
    integrity sha512-oc5m68HDO/tuK2blj7ZcdEBRx3p1PjrgHazL8GYEpvULhrtGIFbQArN6cQS2QhW8mitffaB+VYzMjDqBxxQeoA==
    dependencies:
      tslib "^2.1.0"
  
  framesync@6.0.1:
    version "6.0.1"
    resolved "https://registry.yarnpkg.com/framesync/-/framesync-6.0.1.tgz#5e32fc01f1c42b39c654c35b16440e07a25d6f20"
    integrity sha512-fUY88kXvGiIItgNC7wcTOl0SNRCVXMKSWW2Yzfmn7EKNc+MpCzcz9DhdHcdjbrtN3c6R4H5dTY2jiCpPdysEjA==
    dependencies:
      tslib "^2.1.0"
  
  function-bind@^1.1.1:
    version "1.1.1"
    resolved "https://registry.yarnpkg.com/function-bind/-/function-bind-1.1.1.tgz#a56899d3ea3c9bab874bb9773b7c5ede92f4895d"
    integrity sha512-yIovAzMX49sF8Yl58fSCWJ5svSLuaibPxXQJFLmBObTuCr0Mf1KiPopGM9NiFjiYBCbfaa2Fh6breQ6ANVTI0A==
  
  get-nonce@^1.0.0:
    version "1.0.1"
    resolved "https://registry.yarnpkg.com/get-nonce/-/get-nonce-1.0.1.tgz#fdf3f0278073820d2ce9426c18f07481b1e0cdf3"
    integrity sha512-FJhYRoDaiatfEkUK8HKlicmu/3SGFD51q3itKDGoSTysQJBnfOcxU5GxnhE1E6soB76MbT0MBtnKJuXyAx+96Q==
  
  has-flag@^3.0.0:
    version "3.0.0"
    resolved "https://registry.yarnpkg.com/has-flag/-/has-flag-3.0.0.tgz#b5d454dc2199ae225699f3467e5a07f3b955bafd"
    integrity sha512-sKJf1+ceQBr4SMkvQnBDNDtf4TXpVhVGateu0t918bl30FnbE2m4vNLX+VWe/dpjlb+HugGYzW7uQXH98HPEYw==
  
  has@^1.0.3:
    version "1.0.3"
    resolved "https://registry.yarnpkg.com/has/-/has-1.0.3.tgz#722d7cbfc1f6aa8241f16dd814e011e1f41e8796"
    integrity sha512-f2dvO0VU6Oej7RkWJGrehjbzMAjFp5/VKPp5tTpWIV4JHHZK1/BxbFRtf/siA2SWTe09caDmVtYYzWEIbBS4zw==
    dependencies:
      function-bind "^1.1.1"
  
  hey-listen@^1.0.8:
    version "1.0.8"
    resolved "https://registry.yarnpkg.com/hey-listen/-/hey-listen-1.0.8.tgz#8e59561ff724908de1aa924ed6ecc84a56a9aa68"
    integrity sha512-COpmrF2NOg4TBWUJ5UVyaCU2A88wEMkUPK4hNqyCkqHbxT92BbvfjoSozkAIIm6XhicGlJHhFdullInrdhwU8Q==
  
  hoist-non-react-statics@^3.3.1:
    version "3.3.2"
    resolved "https://registry.yarnpkg.com/hoist-non-react-statics/-/hoist-non-react-statics-3.3.2.tgz#ece0acaf71d62c2969c2ec59feff42a4b1a85b45"
    integrity sha512-/gGivxi8JPKWNm/W0jSmzcMPpfpPLc3dY/6GxhX2hQ9iGj3aDfklV4ET7NjKpSinLpJ5vafa9iiGIEZg10SfBw==
    dependencies:
      react-is "^16.7.0"
  
  import-fresh@^3.2.1:
    version "3.3.0"
    resolved "https://registry.yarnpkg.com/import-fresh/-/import-fresh-3.3.0.tgz#37162c25fcb9ebaa2e6e53d5b4d88ce17d9e0c2b"
    integrity sha512-veYYhQa+D1QBKznvhUHxb8faxlrwUnxseDAbAp457E0wLNio2bOSKnjYDhMj+YiAq61xrMGhQk9iXVk5FzgQMw==
    dependencies:
      parent-module "^1.0.0"
      resolve-from "^4.0.0"
  
  invariant@^2.2.4:
    version "2.2.4"
    resolved "https://registry.yarnpkg.com/invariant/-/invariant-2.2.4.tgz#610f3c92c9359ce1db616e538008d23ff35158e6"
    integrity sha512-phJfQVBuaJM5raOpJjSfkiD6BpbCE4Ns//LaXl6wGYtUBY83nWS6Rf9tXm2e8VaK60JEjYldbPif/A2B1C2gNA==
    dependencies:
      loose-envify "^1.0.0"
  
  is-arrayish@^0.2.1:
    version "0.2.1"
    resolved "https://registry.yarnpkg.com/is-arrayish/-/is-arrayish-0.2.1.tgz#77c99840527aa8ecb1a8ba697b80645a7a926a9d"
    integrity sha512-zz06S8t0ozoDXMG+ube26zeCTNXcKIPJZJi8hBrF4idCLms4CG9QtK7qBl1boi5ODzFpjswb5JPmHCbMpjaYzg==
  
  is-core-module@^2.9.0:
    version "2.10.0"
    resolved "https://registry.yarnpkg.com/is-core-module/-/is-core-module-2.10.0.tgz#9012ede0a91c69587e647514e1d5277019e728ed"
    integrity sha512-Erxj2n/LDAZ7H8WNJXd9tw38GYM3dv8rk8Zcs+jJuxYTW7sozH+SS8NtrSjVL1/vpLvWi1hxy96IzjJ3EHTJJg==
    dependencies:
      has "^1.0.3"
  
  "js-tokens@^3.0.0 || ^4.0.0", js-tokens@^4.0.0:
    version "4.0.0"
    resolved "https://registry.yarnpkg.com/js-tokens/-/js-tokens-4.0.0.tgz#19203fb59991df98e3a287050d4647cdeaf32499"
    integrity sha512-RdJUflcE3cUzKiMqQgsCu06FPu9UdIJO0beYbPhHN4k6apgJtifcoCtT9bcxOpYBtpD2kCM6Sbzg4CausW/PKQ==
  
  json-parse-even-better-errors@^2.3.0:
    version "2.3.1"
    resolved "https://registry.yarnpkg.com/json-parse-even-better-errors/-/json-parse-even-better-errors-2.3.1.tgz#7c47805a94319928e05777405dc12e1f7a4ee02d"
    integrity sha512-xyFwyhro/JEof6Ghe2iz2NcXoj2sloNsWr/XsERDK/oiPCfaNhl5ONfp+jQdAZRQQ0IJWNzH9zIZF7li91kh2w==
  
  lines-and-columns@^1.1.6:
    version "1.2.4"
    resolved "https://registry.yarnpkg.com/lines-and-columns/-/lines-and-columns-1.2.4.tgz#eca284f75d2965079309dc0ad9255abb2ebc1632"
    integrity sha512-7ylylesZQ/PV29jhEDl3Ufjo6ZX7gCqJr5F7PKrqc93v7fzSymt1BpwEU8nAUXs8qzzvqhbjhK5QZg6Mt/HkBg==
  
  lodash.mergewith@4.6.2:
    version "4.6.2"
    resolved "https://registry.yarnpkg.com/lodash.mergewith/-/lodash.mergewith-4.6.2.tgz#617121f89ac55f59047c7aec1ccd6654c6590f55"
    integrity sha512-GK3g5RPZWTRSeLSpgP8Xhra+pnjBC56q9FZYe1d5RN3TJ35dbkGy3YqBSMbyCrlbi+CM9Z3Jk5yTL7RCsqboyQ==
  
  loose-envify@^1.0.0, loose-envify@^1.1.0, loose-envify@^1.4.0:
    version "1.4.0"
    resolved "https://registry.yarnpkg.com/loose-envify/-/loose-envify-1.4.0.tgz#71ee51fa7be4caec1a63839f7e682d8132d30caf"
    integrity sha512-lyuxPGr/Wfhrlem2CL/UcnUc1zcqKAImBDzukY7Y5F/yQiNdko6+fRLevlw1HgMySw7f611UIY408EtxRSoK3Q==
    dependencies:
      js-tokens "^3.0.0 || ^4.0.0"
  
  nanoid@^3.3.4:
    version "3.3.4"
    resolved "https://registry.yarnpkg.com/nanoid/-/nanoid-3.3.4.tgz#730b67e3cd09e2deacf03c027c81c9d9dbc5e8ab"
    integrity sha512-MqBkQh/OHTS2egovRtLk45wEyNXwF+cokD+1YPf9u5VfJiRdAiRwB2froX5Co9Rh20xs4siNPm8naNotSD6RBw==
  
  next@^12.2.5:
    version "12.2.5"
    resolved "https://registry.yarnpkg.com/next/-/next-12.2.5.tgz#14fb5975e8841fad09553b8ef41fe1393602b717"
    integrity sha512-tBdjqX5XC/oFs/6gxrZhjmiq90YWizUYU6qOWAfat7zJwrwapJ+BYgX2PmiacunXMaRpeVT4vz5MSPSLgNkrpA==
    dependencies:
      "@next/env" "12.2.5"
      "@swc/helpers" "0.4.3"
      caniuse-lite "^1.0.30001332"
      postcss "8.4.14"
      styled-jsx "5.0.4"
      use-sync-external-store "1.2.0"
    optionalDependencies:
      "@next/swc-android-arm-eabi" "12.2.5"
      "@next/swc-android-arm64" "12.2.5"
      "@next/swc-darwin-arm64" "12.2.5"
      "@next/swc-darwin-x64" "12.2.5"
      "@next/swc-freebsd-x64" "12.2.5"
      "@next/swc-linux-arm-gnueabihf" "12.2.5"
      "@next/swc-linux-arm64-gnu" "12.2.5"
      "@next/swc-linux-arm64-musl" "12.2.5"
      "@next/swc-linux-x64-gnu" "12.2.5"
      "@next/swc-linux-x64-musl" "12.2.5"
      "@next/swc-win32-arm64-msvc" "12.2.5"
      "@next/swc-win32-ia32-msvc" "12.2.5"
      "@next/swc-win32-x64-msvc" "12.2.5"
  
  object-assign@^4.1.1:
    version "4.1.1"
    resolved "https://registry.yarnpkg.com/object-assign/-/object-assign-4.1.1.tgz#2109adc7965887cfc05cbbd442cac8bfbb360863"
    integrity sha512-rJgTQnkUnH1sFw8yT6VSU3zD3sWmu6sZhIseY8VX+GRu3P6F7Fu+JNDoXfklElbLJSnc3FUQHVe4cU5hj+BcUg==
  
  parent-module@^1.0.0:
    version "1.0.1"
    resolved "https://registry.yarnpkg.com/parent-module/-/parent-module-1.0.1.tgz#691d2709e78c79fae3a156622452d00762caaaa2"
    integrity sha512-GQ2EWRpQV8/o+Aw8YqtfZZPfNRWZYkbidE9k5rpl/hC3vtHHBfGm2Ifi6qWV+coDGkrUKZAxE3Lot5kcsRlh+g==
    dependencies:
      callsites "^3.0.0"
  
  parse-json@^5.0.0:
    version "5.2.0"
    resolved "https://registry.yarnpkg.com/parse-json/-/parse-json-5.2.0.tgz#c76fc66dee54231c962b22bcc8a72cf2f99753cd"
    integrity sha512-ayCKvm/phCGxOkYRSCM82iDwct8/EonSEgCSxWxD7ve6jHggsFl4fZVQBPRNgQoKiuV/odhFrGzQXZwbifC8Rg==
    dependencies:
      "@babel/code-frame" "^7.0.0"
      error-ex "^1.3.1"
      json-parse-even-better-errors "^2.3.0"
      lines-and-columns "^1.1.6"
  
  path-parse@^1.0.7:
    version "1.0.7"
    resolved "https://registry.yarnpkg.com/path-parse/-/path-parse-1.0.7.tgz#fbc114b60ca42b30d9daf5858e4bd68bbedb6735"
    integrity sha512-LDJzPVEEEPR+y48z93A0Ed0yXb8pAByGWo/k5YYdYgpY2/2EsOsksJrq7lOHxryrVOn1ejG6oAp8ahvOIQD8sw==
  
  path-type@^4.0.0:
    version "4.0.0"
    resolved "https://registry.yarnpkg.com/path-type/-/path-type-4.0.0.tgz#84ed01c0a7ba380afe09d90a8c180dcd9d03043b"
    integrity sha512-gDKb8aZMDeD/tZWs9P6+q0J9Mwkdl6xMV8TjnGP3qJVJ06bdMgkbBlLU8IdfOsIsFz2BW1rNVT3XuNEl8zPAvw==
  
  picocolors@^1.0.0:
    version "1.0.0"
    resolved "https://registry.yarnpkg.com/picocolors/-/picocolors-1.0.0.tgz#cb5bdc74ff3f51892236eaf79d68bc44564ab81c"
    integrity sha512-1fygroTLlHu66zi26VoTDv8yRgm0Fccecssto+MhsZ0D/DGW2sm8E8AjW7NU5VVTRt5GxbeZ5qBuJr+HyLYkjQ==
  
  popmotion@11.0.3:
    version "11.0.3"
    resolved "https://registry.yarnpkg.com/popmotion/-/popmotion-11.0.3.tgz#565c5f6590bbcddab7a33a074bb2ba97e24b0cc9"
    integrity sha512-Y55FLdj3UxkR7Vl3s7Qr4e9m0onSnP8W7d/xQLsoJM40vs6UKHFdygs6SWryasTZYqugMjm3BepCF4CWXDiHgA==
    dependencies:
      framesync "6.0.1"
      hey-listen "^1.0.8"
      style-value-types "5.0.0"
      tslib "^2.1.0"
  
  postcss@8.4.14:
    version "8.4.14"
    resolved "https://registry.yarnpkg.com/postcss/-/postcss-8.4.14.tgz#ee9274d5622b4858c1007a74d76e42e56fd21caf"
    integrity sha512-E398TUmfAYFPBSdzgeieK2Y1+1cpdxJx8yXbK/m57nRhKSmk1GB2tO4lbLBtlkfPQTDKfe4Xqv1ASWPpayPEig==
    dependencies:
      nanoid "^3.3.4"
      picocolors "^1.0.0"
      source-map-js "^1.0.2"
  
  prop-types@^15.6.2:
    version "15.8.1"
    resolved "https://registry.yarnpkg.com/prop-types/-/prop-types-15.8.1.tgz#67d87bf1a694f48435cf332c24af10214a3140b5"
    integrity sha512-oj87CgZICdulUohogVAR7AjlC0327U4el4L6eAvOqCeudMDVU0NThNaV+b9Df4dXgSP1gXMTnPdhfe/2qDH5cg==
    dependencies:
      loose-envify "^1.4.0"
      object-assign "^4.1.1"
      react-is "^16.13.1"
  
  react-clientside-effect@^1.2.6:
    version "1.2.6"
    resolved "https://registry.yarnpkg.com/react-clientside-effect/-/react-clientside-effect-1.2.6.tgz#29f9b14e944a376b03fb650eed2a754dd128ea3a"
    integrity sha512-XGGGRQAKY+q25Lz9a/4EPqom7WRjz3z9R2k4jhVKA/puQFH/5Nt27vFZYql4m4NVNdUvX8PS3O7r/Zzm7cjUlg==
    dependencies:
      "@babel/runtime" "^7.12.13"
  
  react-dom@^18.2.0:
    version "18.2.0"
    resolved "https://registry.yarnpkg.com/react-dom/-/react-dom-18.2.0.tgz#22aaf38708db2674ed9ada224ca4aa708d821e3d"
    integrity sha512-6IMTriUmvsjHUjNtEDudZfuDQUoWXVxKHhlEGSk81n4YFS+r/Kl99wXiwlVXtPBtJenozv2P+hxDsw9eA7Xo6g==
    dependencies:
      loose-envify "^1.1.0"
      scheduler "^0.23.0"
  
  react-fast-compare@3.2.0:
    version "3.2.0"
    resolved "https://registry.yarnpkg.com/react-fast-compare/-/react-fast-compare-3.2.0.tgz#641a9da81b6a6320f270e89724fb45a0b39e43bb"
    integrity sha512-rtGImPZ0YyLrscKI9xTpV8psd6I8VAtjKCzQDlzyDvqJA8XOW78TXYQwNRNd8g8JZnDu8q9Fu/1v4HPAVwVdHA==
  
  react-focus-lock@^2.9.1:
    version "2.9.1"
    resolved "https://registry.yarnpkg.com/react-focus-lock/-/react-focus-lock-2.9.1.tgz#094cfc19b4f334122c73bb0bff65d77a0c92dd16"
    integrity sha512-pSWOQrUmiKLkffPO6BpMXN7SNKXMsuOakl652IBuALAu1esk+IcpJyM+ALcYzPTTFz1rD0R54aB9A4HuP5t1Wg==
    dependencies:
      "@babel/runtime" "^7.0.0"
      focus-lock "^0.11.2"
      prop-types "^15.6.2"
      react-clientside-effect "^1.2.6"
      use-callback-ref "^1.3.0"
      use-sidecar "^1.1.2"
  
  react-is@^16.13.1, react-is@^16.7.0:
    version "16.13.1"
    resolved "https://registry.yarnpkg.com/react-is/-/react-is-16.13.1.tgz#789729a4dc36de2999dc156dd6c1d9c18cea56a4"
    integrity sha512-24e6ynE2H+OKt4kqsOvNd8kBpV65zoxbA4BVsEOB3ARVWQki/DHzaUoC5KuON/BiccDaCCTZBuOcfZs70kR8bQ==
  
  react-remove-scroll-bar@^2.3.3:
    version "2.3.3"
    resolved "https://registry.yarnpkg.com/react-remove-scroll-bar/-/react-remove-scroll-bar-2.3.3.tgz#e291f71b1bb30f5f67f023765b7435f4b2b2cd94"
    integrity sha512-i9GMNWwpz8XpUpQ6QlevUtFjHGqnPG4Hxs+wlIJntu/xcsZVEpJcIV71K3ZkqNy2q3GfgvkD7y6t/Sv8ofYSbw==
    dependencies:
      react-style-singleton "^2.2.1"
      tslib "^2.0.0"
  
  react-remove-scroll@^2.5.4:
    version "2.5.5"
    resolved "https://registry.yarnpkg.com/react-remove-scroll/-/react-remove-scroll-2.5.5.tgz#1e31a1260df08887a8a0e46d09271b52b3a37e77"
    integrity sha512-ImKhrzJJsyXJfBZ4bzu8Bwpka14c/fQt0k+cyFp/PBhTfyDnU5hjOtM4AG/0AMyy8oKzOTR0lDgJIM7pYXI0kw==
    dependencies:
      react-remove-scroll-bar "^2.3.3"
      react-style-singleton "^2.2.1"
      tslib "^2.1.0"
      use-callback-ref "^1.3.0"
      use-sidecar "^1.1.2"
  
  react-style-singleton@^2.2.1:
    version "2.2.1"
    resolved "https://registry.yarnpkg.com/react-style-singleton/-/react-style-singleton-2.2.1.tgz#f99e420492b2d8f34d38308ff660b60d0b1205b4"
    integrity sha512-ZWj0fHEMyWkHzKYUr2Bs/4zU6XLmq9HsgBURm7g5pAVfyn49DgUiNgY2d4lXRlYSiCif9YBGpQleewkcqddc7g==
    dependencies:
      get-nonce "^1.0.0"
      invariant "^2.2.4"
      tslib "^2.0.0"
  
  react@^18.2.0:
    version "18.2.0"
    resolved "https://registry.yarnpkg.com/react/-/react-18.2.0.tgz#555bd98592883255fa00de14f1151a917b5d77d5"
    integrity sha512-/3IjMdb2L9QbBdWiW5e3P2/npwMBaU9mHCSCUzNln0ZCYbcfTsGbTJrU/kGemdH2IWmB2ioZ+zkxtmq6g09fGQ==
    dependencies:
      loose-envify "^1.1.0"
  
  regenerator-runtime@^0.13.4:
    version "0.13.9"
    resolved "https://registry.yarnpkg.com/regenerator-runtime/-/regenerator-runtime-0.13.9.tgz#8925742a98ffd90814988d7566ad30ca3b263b52"
    integrity sha512-p3VT+cOEgxFsRRA9X4lkI1E+k2/CtnKtU4gcxyaCUreilL/vqI6CdZ3wxVUx3UOUg+gnUOQQcRI7BmSI656MYA==
  
  resolve-from@^4.0.0:
    version "4.0.0"
    resolved "https://registry.yarnpkg.com/resolve-from/-/resolve-from-4.0.0.tgz#4abcd852ad32dd7baabfe9b40e00a36db5f392e6"
    integrity sha512-pb/MYmXstAkysRFx8piNI1tGFNQIFA3vkE3Gq4EuA1dF6gHp/+vgZqsCGJapvy8N3Q+4o7FwvquPJcnZ7RYy4g==
  
  resolve@^1.19.0:
    version "1.22.1"
    resolved "https://registry.yarnpkg.com/resolve/-/resolve-1.22.1.tgz#27cb2ebb53f91abb49470a928bba7558066ac177"
    integrity sha512-nBpuuYuY5jFsli/JIs1oldw6fOQCBioohqWZg/2hiaOybXOft4lonv85uDOKXdf8rhyK159cxU5cDcK/NKk8zw==
    dependencies:
      is-core-module "^2.9.0"
      path-parse "^1.0.7"
      supports-preserve-symlinks-flag "^1.0.0"
  
  safe-buffer@~5.1.1:
    version "5.1.2"
    resolved "https://registry.yarnpkg.com/safe-buffer/-/safe-buffer-5.1.2.tgz#991ec69d296e0313747d59bdfd2b745c35f8828d"
    integrity sha512-Gd2UZBJDkXlY7GbJxfsE8/nvKkUEU1G38c1siN6QP6a9PT9MmHB8GnpscSmMJSoF8LOIrt8ud/wPtojys4G6+g==
  
  scheduler@^0.23.0:
    version "0.23.0"
    resolved "https://registry.yarnpkg.com/scheduler/-/scheduler-0.23.0.tgz#ba8041afc3d30eb206a487b6b384002e4e61fdfe"
    integrity sha512-CtuThmgHNg7zIZWAXi3AsyIzA3n4xx7aNyjwC2VJldO2LMVDhFK+63xGqq6CsJH4rTAt6/M+N4GhZiDYPx9eUw==
    dependencies:
      loose-envify "^1.1.0"
  
  source-map-js@^1.0.2:
    version "1.0.2"
    resolved "https://registry.yarnpkg.com/source-map-js/-/source-map-js-1.0.2.tgz#adbc361d9c62df380125e7f161f71c826f1e490c"
    integrity sha512-R0XvVJ9WusLiqTCEiGCmICCMplcCkIwwR11mOSD9CR5u+IXYdiseeEuXCVAjS54zqwkLcPNnmU4OeJ6tUrWhDw==
  
  source-map@^0.5.7:
    version "0.5.7"
    resolved "https://registry.yarnpkg.com/source-map/-/source-map-0.5.7.tgz#8a039d2d1021d22d1ea14c80d8ea468ba2ef3fcc"
    integrity sha512-LbrmJOMUSdEVxIKvdcJzQC+nQhe8FUZQTXQy6+I75skNgn3OoQ0DZA8YnFa7gp8tqtL3KPf1kmo0R5DoApeSGQ==
  
  style-value-types@5.0.0:
    version "5.0.0"
    resolved "https://registry.yarnpkg.com/style-value-types/-/style-value-types-5.0.0.tgz#76c35f0e579843d523187989da866729411fc8ad"
    integrity sha512-08yq36Ikn4kx4YU6RD7jWEv27v4V+PUsOGa4n/as8Et3CuODMJQ00ENeAVXAeydX4Z2j1XHZF1K2sX4mGl18fA==
    dependencies:
      hey-listen "^1.0.8"
      tslib "^2.1.0"
  
  styled-jsx@5.0.4:
    version "5.0.4"
    resolved "https://registry.yarnpkg.com/styled-jsx/-/styled-jsx-5.0.4.tgz#5b1bd0b9ab44caae3dd1361295559706e044aa53"
    integrity sha512-sDFWLbg4zR+UkNzfk5lPilyIgtpddfxXEULxhujorr5jtePTUqiPDc5BC0v1NRqTr/WaFBGQQUoYToGlF4B2KQ==
  
  stylis@4.0.13:
    version "4.0.13"
    resolved "https://registry.yarnpkg.com/stylis/-/stylis-4.0.13.tgz#f5db332e376d13cc84ecfe5dace9a2a51d954c91"
    integrity sha512-xGPXiFVl4YED9Jh7Euv2V220mriG9u4B2TA6Ybjc1catrstKD2PpIdU3U0RKpkVBC2EhmL/F0sPCr9vrFTNRag==
  
  supports-color@^5.3.0:
    version "5.5.0"
    resolved "https://registry.yarnpkg.com/supports-color/-/supports-color-5.5.0.tgz#e2e69a44ac8772f78a1ec0b35b689df6530efc8f"
    integrity sha512-QjVjwdXIt408MIiAqCX4oUKsgU2EqAGzs2Ppkm4aQYbjm+ZEWEcW4SfFNTr4uMNZma0ey4f5lgLrkB0aX0QMow==
    dependencies:
      has-flag "^3.0.0"
  
  supports-preserve-symlinks-flag@^1.0.0:
    version "1.0.0"
    resolved "https://registry.yarnpkg.com/supports-preserve-symlinks-flag/-/supports-preserve-symlinks-flag-1.0.0.tgz#6eda4bd344a3c94aea376d4cc31bc77311039e09"
    integrity sha512-ot0WnXS9fgdkgIcePe6RHNk1WA8+muPa6cSjeR3V8K27q9BB1rTE3R1p7Hv0z1ZyAc8s6Vvv8DIyWf681MAt0w==
  
  tiny-invariant@^1.0.6:
    version "1.2.0"
    resolved "https://registry.yarnpkg.com/tiny-invariant/-/tiny-invariant-1.2.0.tgz#a1141f86b672a9148c72e978a19a73b9b94a15a9"
    integrity sha512-1Uhn/aqw5C6RI4KejVeTg6mIS7IqxnLJ8Mv2tV5rTc0qWobay7pDUz6Wi392Cnc8ak1H0F2cjoRzb2/AW4+Fvg==
  
  to-fast-properties@^2.0.0:
    version "2.0.0"
    resolved "https://registry.yarnpkg.com/to-fast-properties/-/to-fast-properties-2.0.0.tgz#dc5e698cbd079265bc73e0377681a4e4e83f616e"
    integrity sha512-/OaKK0xYrs3DmxRYqL/yDc+FxFUVYhDlXMhRmv3z915w2HF1tnN1omB354j8VUGO/hbRzyD6Y3sA7v7GS/ceog==
  
  toggle-selection@^1.0.6:
    version "1.0.6"
    resolved "https://registry.yarnpkg.com/toggle-selection/-/toggle-selection-1.0.6.tgz#6e45b1263f2017fa0acc7d89d78b15b8bf77da32"
    integrity sha512-BiZS+C1OS8g/q2RRbJmy59xpyghNBqrr6k5L/uKBGRsTfxmu3ffiRnd8mlGPUVayg8pvfi5urfnu8TU7DVOkLQ==
  
  tslib@^2.0.0, tslib@^2.0.3, tslib@^2.1.0, tslib@^2.3.1, tslib@^2.4.0:
    version "2.4.0"
    resolved "https://registry.yarnpkg.com/tslib/-/tslib-2.4.0.tgz#7cecaa7f073ce680a05847aa77be941098f36dc3"
    integrity sha512-d6xOpEDfsi2CZVlPQzGeux8XMwLT9hssAsaPYExaQMuYskwb+x1x7J371tWlbBdWHroy99KnVB6qIkUbs5X3UQ==
  
  use-callback-ref@^1.3.0:
    version "1.3.0"
    resolved "https://registry.yarnpkg.com/use-callback-ref/-/use-callback-ref-1.3.0.tgz#772199899b9c9a50526fedc4993fc7fa1f7e32d5"
    integrity sha512-3FT9PRuRdbB9HfXhEq35u4oZkvpJ5kuYbpqhCfmiZyReuRgpnhDlbr2ZEnnuS0RrJAPn6l23xjFg9kpDM+Ms7w==
    dependencies:
      tslib "^2.0.0"
  
  use-sidecar@^1.1.2:
    version "1.1.2"
    resolved "https://registry.yarnpkg.com/use-sidecar/-/use-sidecar-1.1.2.tgz#2f43126ba2d7d7e117aa5855e5d8f0276dfe73c2"
    integrity sha512-epTbsLuzZ7lPClpz2TyryBfztm7m+28DlEv2ZCQ3MDr5ssiwyOwGH/e5F9CkfWjJ1t4clvI58yF822/GUkjjhw==
    dependencies:
      detect-node-es "^1.1.0"
      tslib "^2.0.0"
  
  use-sync-external-store@1.2.0:
    version "1.2.0"
    resolved "https://registry.yarnpkg.com/use-sync-external-store/-/use-sync-external-store-1.2.0.tgz#7dbefd6ef3fe4e767a0cf5d7287aacfb5846928a"
    integrity sha512-eEgnFxGQ1Ife9bzYs6VLi8/4X6CObHMw9Qr9tPY43iKwsPw8xE8+EFsf/2cFZ5S3esXgpWgtSCtLNS41F+sKPA==
  
  yaml@^1.10.0:
    version "1.10.2"
    resolved "https://registry.yarnpkg.com/yaml/-/yaml-1.10.2.tgz#2301c5ffbf12b467de8da2333a459e29e7920e4b"
    integrity sha512-r3vXyErRCYJ7wg28yvBY5VSoAF8ZvlcW9/BwUzEtUsjvX/DKs24dIkuwjtuprwJJHsbyUbLApepYTR1BN4uHrg==
